2025-05-02 23:02:01,992 INFO     START  parsing 'TCEC_Season_20_-_Ram_Test.pgn'
2025-05-02 23:02:02,001 INFO     START  parsing 'TCEC_Season_22_-_Cup_10_Testing.pgn'
2025-05-02 23:02:02,015 INFO     START  parsing 'lichess_elite_2019-07.pgn'
2025-05-02 23:02:02,016 INFO     START  parsing 'TCEC_Season_22_-_League_4.pgn'
2025-05-02 23:02:02,026 INFO     START  parsing 'TCEC_Season_26_-_1s_Ultra_Bullet_Chess_Bonus.pgn'
2025-05-02 23:02:02,051 INFO     START  parsing 'TCEC_Season_26_-_Kqq_Castling_Bonus.pgn'
2025-05-02 23:02:02,077 INFO     START  parsing 'TCEC_Season_22_-_Vvltc_Bonus.pgn'
2025-05-02 23:02:02,136 INFO      DONE  'TCEC_Season_20_-_Ram_Test.pgn' — 634 samples in 0.14s
2025-05-02 23:02:02,136 INFO     START  parsing 'TCEC_Season_17_-_Playoff_Scorpionn_Test_1.pgn'
2025-05-02 23:02:02,379 INFO      DONE  'TCEC_Season_17_-_Playoff_Scorpionn_Test_1.pgn' — 556 samples in 0.24s
2025-05-02 23:02:02,379 INFO     START  parsing 'TCEC_Cup_11_Final.pgn'
2025-05-02 23:02:02,425 INFO      DONE  'TCEC_Season_26_-_Kqq_Castling_Bonus.pgn' — 1,766 samples in 0.37s
2025-05-02 23:02:02,425 INFO     START  parsing 'lichess_elite_2016-04.pgn'
2025-05-02 23:02:02,453 INFO      DONE  'TCEC_Season_22_-_Vvltc_Bonus.pgn' — 1,748 samples in 0.38s
2025-05-02 23:02:02,454 INFO     START  parsing 'TCEC_Season_17_-_Stockfish_3pct_Vs_Cpu_L1_Red_Unofficial_Test_1.pgn'
2025-05-02 23:02:02,536 INFO     START  parsing 'lichess_elite_2019-05.pgn'
2025-05-02 23:02:03,140 INFO      DONE  'TCEC_Cup_11_Final.pgn' — 2,677 samples in 0.76s
2025-05-02 23:02:03,140 INFO     START  parsing 'lichess_elite_2014-12.pgn'
2025-05-02 23:02:03,454 INFO      DONE  'TCEC_Season_17_-_Stockfish_3pct_Vs_Cpu_L1_Red_Unofficial_Test_1.pgn' — 4,471 samples in 1.00s
2025-05-02 23:02:03,455 INFO     START  parsing 'lichess_elite_2018-02.pgn'
2025-05-02 23:02:05,781 INFO      DONE  'TCEC_Season_22_-_League_4.pgn' — 17,500 samples in 3.76s
2025-05-02 23:02:05,781 INFO     START  parsing 'TCEC_Season_25_-_Viewer_Submitted_Openings_Bonus_24.pgn'
2025-05-02 23:02:06,603 INFO      DONE  'TCEC_Season_26_-_1s_Ultra_Bullet_Chess_Bonus.pgn' — 18,199 samples in 4.58s
2025-05-02 23:02:06,603 INFO     START  parsing 'TCEC_Season_27_-_Category_0_And_2_Playoff_Tiebreak.pgn'
2025-05-02 23:02:06,657 INFO      DONE  'TCEC_Season_27_-_Category_0_And_2_Playoff_Tiebreak.pgn' — 265 samples in 0.05s
2025-05-02 23:02:06,657 INFO     START  parsing 'TCEC_Season_21_-_Sufi_Bonus_Repeat_Test.pgn'
2025-05-02 23:02:07,341 INFO      DONE  'TCEC_Season_22_-_Cup_10_Testing.pgn' — 24,507 samples in 5.34s
2025-05-02 23:02:07,341 INFO     START  parsing 'TCEC_Season_27_-_Category_0_And_2_Playoff.pgn'
2025-05-02 23:02:08,296 INFO      DONE  'TCEC_Season_21_-_Sufi_Bonus_Repeat_Test.pgn' — 6,951 samples in 1.64s
2025-05-02 23:02:08,296 INFO     START  parsing 'TCEC_Season_11_-_Division_P.pgn'
2025-05-02 23:02:09,800 INFO      DONE  'TCEC_Season_27_-_Category_0_And_2_Playoff.pgn' — 10,689 samples in 2.46s
2025-05-02 23:02:09,800 INFO     START  parsing 'TCEC_Season_21_-_Lczerocpu_Vs_Divp_Testing.pgn'
2025-05-02 23:02:10,053 INFO      DONE  'TCEC_Season_21_-_Lczerocpu_Vs_Divp_Testing.pgn' — 1,231 samples in 0.25s
2025-05-02 23:02:10,053 INFO     START  parsing 'TCEC_Season_27_-_Contemptla_Book_Kibitzer_Ponder_Bonus.pgn'
2025-05-02 23:02:11,046 INFO      DONE  'lichess_elite_2014-12.pgn' — 43,878 samples in 7.91s
2025-05-02 23:02:11,046 INFO     START  parsing 'TCEC_Season_26_-_League_2.pgn'
2025-05-02 23:02:11,750 INFO      DONE  'TCEC_Season_25_-_Viewer_Submitted_Openings_Bonus_24.pgn' — 27,153 samples in 5.97s
2025-05-02 23:02:11,750 INFO     START  parsing 'TCEC_Season_17_-_Fix_Update_Test_And_Filler_1.pgn'
2025-05-02 23:02:11,840 INFO      DONE  'TCEC_Season_17_-_Fix_Update_Test_And_Filler_1.pgn' — 428 samples in 0.09s
2025-05-02 23:02:11,840 INFO     START  parsing 'TCEC_Season_20_-_Swiss_1.pgn'
2025-05-02 23:02:12,141 INFO      DONE  'TCEC_Season_27_-_Contemptla_Book_Kibitzer_Ponder_Bonus.pgn' — 9,562 samples in 2.09s
2025-05-02 23:02:12,141 INFO     START  parsing 'lichess_elite_2018-10.pgn'
2025-05-02 23:02:13,924 INFO      DONE  'TCEC_Season_20_-_Swiss_1.pgn' — 9,991 samples in 2.08s
2025-05-02 23:02:13,924 INFO      DONE  'lichess_elite_2018-10.pgn' — 9,905 samples in 1.78s
2025-05-02 23:02:13,924 INFO      DONE  'TCEC_Season_26_-_League_2.pgn' — 12,369 samples in 2.88s
2025-05-02 23:02:13,924 INFO      DONE  'lichess_elite_2016-04.pgn' — 64,416 samples in 11.50s
2025-05-02 23:02:13,924 INFO      DONE  'lichess_elite_2018-02.pgn' — 57,648 samples in 10.47s
2025-05-02 23:02:13,924 INFO      DONE  'TCEC_Season_11_-_Division_P.pgn' — 25,805 samples in 5.63s
2025-05-02 23:02:13,924 INFO      DONE  'lichess_elite_2019-07.pgn' — 65,772 samples in 11.91s
2025-05-02 23:02:13,924 INFO      DONE  'lichess_elite_2019-05.pgn' — 32,462 samples in 11.39s
2025-05-02 23:02:26,326 INFO     START  parsing 'TCEC_Season_20_-_Ram_Test.pgn'
2025-05-02 23:02:26,330 INFO     START  parsing 'TCEC_Season_22_-_Cup_10_Testing.pgn'
2025-05-02 23:02:26,337 INFO     START  parsing 'lichess_elite_2019-07.pgn'
2025-05-02 23:02:26,347 INFO     START  parsing 'TCEC_Season_22_-_League_4.pgn'
2025-05-02 23:02:26,356 INFO     START  parsing 'TCEC_Season_26_-_1s_Ultra_Bullet_Chess_Bonus.pgn'
2025-05-02 23:02:26,392 INFO     START  parsing 'TCEC_Season_26_-_Kqq_Castling_Bonus.pgn'
2025-05-02 23:02:26,396 INFO     START  parsing 'TCEC_Season_22_-_Vvltc_Bonus.pgn'
2025-05-02 23:02:26,469 INFO      DONE  'TCEC_Season_20_-_Ram_Test.pgn' — 634 samples in 0.14s
2025-05-02 23:02:26,469 INFO     START  parsing 'TCEC_Season_17_-_Playoff_Scorpionn_Test_1.pgn'
2025-05-02 23:02:26,709 INFO      DONE  'TCEC_Season_17_-_Playoff_Scorpionn_Test_1.pgn' — 556 samples in 0.24s
2025-05-02 23:02:26,709 INFO     START  parsing 'TCEC_Cup_11_Final.pgn'
2025-05-02 23:02:26,765 INFO      DONE  'TCEC_Season_26_-_Kqq_Castling_Bonus.pgn' — 1,766 samples in 0.37s
2025-05-02 23:02:26,766 INFO     START  parsing 'lichess_elite_2016-04.pgn'
2025-05-02 23:02:26,766 INFO      DONE  'TCEC_Season_22_-_Vvltc_Bonus.pgn' — 1,748 samples in 0.37s
2025-05-02 23:02:26,767 INFO     START  parsing 'TCEC_Season_17_-_Stockfish_3pct_Vs_Cpu_L1_Red_Unofficial_Test_1.pgn'
2025-05-02 23:02:26,896 INFO     START  parsing 'lichess_elite_2019-05.pgn'
2025-05-02 23:02:27,463 INFO      DONE  'TCEC_Cup_11_Final.pgn' — 2,677 samples in 0.75s
2025-05-02 23:02:27,463 INFO     START  parsing 'lichess_elite_2014-12.pgn'
2025-05-02 23:02:27,742 INFO      DONE  'TCEC_Season_17_-_Stockfish_3pct_Vs_Cpu_L1_Red_Unofficial_Test_1.pgn' — 4,471 samples in 0.98s
2025-05-02 23:02:27,742 INFO     START  parsing 'lichess_elite_2018-02.pgn'
2025-05-02 23:02:30,133 INFO      DONE  'TCEC_Season_22_-_League_4.pgn' — 17,500 samples in 3.79s
2025-05-02 23:02:30,133 INFO     START  parsing 'TCEC_Season_25_-_Viewer_Submitted_Openings_Bonus_24.pgn'
2025-05-02 23:02:30,882 INFO      DONE  'TCEC_Season_26_-_1s_Ultra_Bullet_Chess_Bonus.pgn' — 18,199 samples in 4.53s
2025-05-02 23:02:30,882 INFO     START  parsing 'TCEC_Season_27_-_Category_0_And_2_Playoff_Tiebreak.pgn'
2025-05-02 23:02:30,935 INFO      DONE  'TCEC_Season_27_-_Category_0_And_2_Playoff_Tiebreak.pgn' — 265 samples in 0.05s
2025-05-02 23:02:30,935 INFO     START  parsing 'TCEC_Season_21_-_Sufi_Bonus_Repeat_Test.pgn'
2025-05-02 23:02:31,791 INFO      DONE  'TCEC_Season_22_-_Cup_10_Testing.pgn' — 24,507 samples in 5.46s
2025-05-02 23:02:31,791 INFO     START  parsing 'TCEC_Season_27_-_Category_0_And_2_Playoff.pgn'
2025-05-02 23:02:32,545 INFO      DONE  'TCEC_Season_21_-_Sufi_Bonus_Repeat_Test.pgn' — 6,951 samples in 1.61s
2025-05-02 23:02:32,545 INFO     START  parsing 'TCEC_Season_11_-_Division_P.pgn'
2025-05-02 23:02:34,326 INFO      DONE  'TCEC_Season_27_-_Category_0_And_2_Playoff.pgn' — 10,689 samples in 2.53s
2025-05-02 23:02:34,326 INFO     START  parsing 'TCEC_Season_21_-_Lczerocpu_Vs_Divp_Testing.pgn'
2025-05-02 23:02:34,585 INFO      DONE  'TCEC_Season_21_-_Lczerocpu_Vs_Divp_Testing.pgn' — 1,231 samples in 0.26s
2025-05-02 23:02:34,585 INFO     START  parsing 'TCEC_Season_27_-_Contemptla_Book_Kibitzer_Ponder_Bonus.pgn'
2025-05-02 23:02:35,324 INFO      DONE  'lichess_elite_2014-12.pgn' — 43,878 samples in 7.86s
2025-05-02 23:02:35,324 INFO     START  parsing 'TCEC_Season_26_-_League_2.pgn'
2025-05-02 23:02:36,153 INFO      DONE  'TCEC_Season_25_-_Viewer_Submitted_Openings_Bonus_24.pgn' — 27,153 samples in 6.02s
2025-05-02 23:02:36,153 INFO     START  parsing 'TCEC_Season_17_-_Fix_Update_Test_And_Filler_1.pgn'
2025-05-02 23:02:36,244 INFO      DONE  'TCEC_Season_17_-_Fix_Update_Test_And_Filler_1.pgn' — 428 samples in 0.09s
2025-05-02 23:02:36,244 INFO     START  parsing 'TCEC_Season_20_-_Swiss_1.pgn'
2025-05-02 23:02:36,718 INFO      DONE  'TCEC_Season_27_-_Contemptla_Book_Kibitzer_Ponder_Bonus.pgn' — 9,562 samples in 2.13s
2025-05-02 23:02:36,718 INFO     START  parsing 'lichess_elite_2018-10.pgn'
2025-05-02 23:02:42,849 INFO      DONE  'TCEC_Season_11_-_Division_P.pgn' — 46,436 samples in 10.30s
2025-05-02 23:02:42,849 INFO     START  parsing 'TCEC_Cup_6_Round32.pgn'
2025-05-02 23:02:44,052 INFO      DONE  'TCEC_Cup_6_Round32.pgn' — 6,042 samples in 1.20s
2025-05-02 23:02:44,052 INFO     START  parsing 'TCEC_Season_2_-_Division_F.pgn'
2025-05-02 23:02:44,284 INFO      DONE  'TCEC_Season_26_-_League_2.pgn' — 39,406 samples in 8.96s
2025-05-02 23:02:44,284 INFO     START  parsing 'TCEC_Cup_1_Octofinal_2.pgn'
2025-05-02 23:02:45,078 INFO      DONE  'TCEC_Season_2_-_Division_F.pgn' — 4,411 samples in 1.03s
2025-05-02 23:02:45,078 INFO     START  parsing 'TCEC_Season_10_-_Rapid.pgn'
2025-05-02 23:02:46,584 INFO      DONE  'TCEC_Cup_1_Octofinal_2.pgn' — 9,702 samples in 2.30s
2025-05-02 23:02:46,584 INFO     START  parsing 'lichess_elite_2015-11.pgn'
2025-05-02 23:02:48,840 INFO      DONE  'TCEC_Season_20_-_Swiss_1.pgn' — 57,595 samples in 12.60s
2025-05-02 23:02:48,840 INFO     START  parsing 'TCEC_Season_17_-_Testing_2_Ql_Minic_Pirarucu.pgn'
2025-05-02 23:02:49,304 INFO      DONE  'TCEC_Season_17_-_Testing_2_Ql_Minic_Pirarucu.pgn' — 2,219 samples in 0.46s
2025-05-02 23:02:49,305 INFO     START  parsing 'lichess_elite_2017-07.pgn'
2025-05-02 23:03:00,012 INFO      DONE  'TCEC_Season_10_-_Rapid.pgn' — 69,417 samples in 14.93s
2025-05-02 23:03:00,013 INFO     START  parsing 'TCEC_Season_22_-_1day_Pv_Playout_Etc.pgn'
2025-05-02 23:03:00,272 INFO      DONE  'TCEC_Season_22_-_1day_Pv_Playout_Etc.pgn' — 1,192 samples in 0.26s
2025-05-02 23:03:00,272 INFO     START  parsing 'TCEC_Season_19_-_Lczerocpu_Vs_Divp_Cpu.pgn'
2025-05-02 23:03:00,641 INFO      DONE  'TCEC_Season_19_-_Lczerocpu_Vs_Divp_Cpu.pgn' — 1,683 samples in 0.37s
2025-05-02 23:03:00,642 INFO     START  parsing 'TCEC_Season_22_-_Dfrc_Unbust_Bonus_2.pgn'
2025-05-02 23:03:01,078 INFO      DONE  'TCEC_Season_22_-_Dfrc_Unbust_Bonus_2.pgn' — 1,642 samples in 0.44s
2025-05-02 23:03:01,079 INFO     START  parsing 'TCEC_Season_7_-_Stage_4.pgn'
2025-05-02 23:03:03,552 INFO      DONE  'TCEC_Season_7_-_Stage_4.pgn' — 10,969 samples in 2.47s
2025-05-02 23:03:03,552 INFO     START  parsing 'TCEC_Season_20_-_Frc3_Semileague_2.pgn'
2025-05-02 23:03:04,549 INFO      DONE  'TCEC_Season_20_-_Frc3_Semileague_2.pgn' — 4,654 samples in 1.00s
2025-05-02 23:03:04,549 INFO     START  parsing 'lichess_elite_2019-06.pgn'
2025-05-02 23:04:09,758 INFO      DONE  'lichess_elite_2015-11.pgn' — 282,251 samples in 83.17s
2025-05-02 23:04:09,758 INFO     START  parsing 'TCEC_Season_22_-_Superfinal.pgn'
2025-05-02 23:04:16,299 INFO      DONE  'TCEC_Season_22_-_Superfinal.pgn' — 14,889 samples in 6.54s
2025-05-02 23:04:16,299 INFO     START  parsing 'TCEC_Season_23_-_4k_Tomitankchess_Bonus.pgn'
2025-05-02 23:04:17,486 INFO      DONE  'TCEC_Season_23_-_4k_Tomitankchess_Bonus.pgn' — 2,425 samples in 1.19s
2025-05-02 23:04:17,487 INFO     START  parsing 'TCEC_Season_27_-_Viewer_Submitted_Openings_Bonus_27.pgn'
2025-05-02 23:04:23,669 INFO      DONE  'TCEC_Season_27_-_Viewer_Submitted_Openings_Bonus_27.pgn' — 14,048 samples in 6.18s
2025-05-02 23:04:23,670 INFO     START  parsing 'TCEC_Season_20_-_Sufi_Testing_1.pgn'
2025-05-02 23:04:23,918 INFO      DONE  'TCEC_Season_20_-_Sufi_Testing_1.pgn' — 587 samples in 0.25s
2025-05-02 23:04:23,919 INFO     START  parsing 'TCEC_Season_18_-_Qualification_League.pgn'
2025-05-02 23:04:29,289 INFO      DONE  'TCEC_Season_18_-_Qualification_League.pgn' — 12,476 samples in 5.37s
2025-05-02 23:04:29,289 INFO     START  parsing 'lichess_elite_2018-05.pgn'
2025-05-02 23:07:53,386 INFO      DONE  'lichess_elite_2016-04.pgn' — 1,701,462 samples in 326.62s
2025-05-02 23:07:53,386 INFO     START  parsing 'lichess_elite_2014-02.pgn'
2025-05-02 23:07:53,674 INFO      DONE  'lichess_elite_2014-02.pgn' — 1,626 samples in 0.29s
2025-05-02 23:07:53,674 INFO     START  parsing 'TCEC_Cup_4_Semifinal.pgn'
2025-05-02 23:07:54,327 INFO      DONE  'TCEC_Cup_4_Semifinal.pgn' — 2,869 samples in 0.65s
2025-05-02 23:07:54,327 INFO     START  parsing 'TCEC_Season_4_-_Stage_2b.pgn'
2025-05-02 23:07:56,345 INFO      DONE  'TCEC_Season_4_-_Stage_2b.pgn' — 8,377 samples in 2.02s
2025-05-02 23:07:56,345 INFO     START  parsing 'TCEC_Season_19_-_Ql_And_L3_Vs_Crafty_Testing_2.pgn'
2025-05-02 23:07:58,158 INFO      DONE  'TCEC_Season_19_-_Ql_And_L3_Vs_Crafty_Testing_2.pgn' — 7,112 samples in 1.81s
2025-05-02 23:07:58,158 INFO     START  parsing 'TCEC_Season_24_-_Divp_Testing.pgn'
2025-05-02 23:07:58,877 INFO      DONE  'TCEC_Season_24_-_Divp_Testing.pgn' — 3,284 samples in 0.72s
2025-05-02 23:07:58,877 INFO     START  parsing 'TCEC_Season_21_-_Ql_L4_L3_Testing.pgn'
2025-05-02 23:08:08,491 INFO      DONE  'TCEC_Season_21_-_Ql_L4_L3_Testing.pgn' — 44,736 samples in 9.61s
2025-05-02 23:08:08,492 INFO     START  parsing 'TCEC_Season_22_-_Frc5_Semileague_2.pgn'
2025-05-02 23:08:09,095 INFO      DONE  'TCEC_Season_22_-_Frc5_Semileague_2.pgn' — 2,950 samples in 0.60s
2025-05-02 23:08:09,096 INFO     START  parsing 'TCEC_Cup_7_Round16.pgn'
2025-05-02 23:08:09,759 INFO      DONE  'TCEC_Cup_7_Round16.pgn' — 3,073 samples in 0.66s
2025-05-02 23:08:09,759 INFO     START  parsing 'TCEC_Season_17_-_Stockfish_1pct_Vs_L2_Test_5.pgn'
2025-05-02 23:08:09,914 INFO      DONE  'TCEC_Season_17_-_Stockfish_1pct_Vs_L2_Test_5.pgn' — 722 samples in 0.15s
2025-05-02 23:08:09,914 INFO     START  parsing 'TCEC_Cup_11_Semifinal.pgn'
2025-05-02 23:08:10,439 INFO      DONE  'TCEC_Cup_11_Semifinal.pgn' — 2,514 samples in 0.52s
2025-05-02 23:08:10,439 INFO     START  parsing 'TCEC_Season_23_-_Infrafinal_Testing.pgn'
2025-05-02 23:08:10,712 INFO      DONE  'TCEC_Season_23_-_Infrafinal_Testing.pgn' — 1,189 samples in 0.27s
2025-05-02 23:08:10,713 INFO     START  parsing 'TCEC_Season_19_-_L2_And_L1_Vs_Stockfish_Ccrl_Testing_4.pgn'
2025-05-02 23:08:11,118 INFO      DONE  'TCEC_Season_19_-_L2_And_L1_Vs_Stockfish_Ccrl_Testing_4.pgn' — 1,878 samples in 0.41s
2025-05-02 23:08:11,119 INFO     START  parsing 'TCEC_Season_17_-_Stockfish_1pct_Vs_L2_Test_3.pgn'
2025-05-02 23:08:11,426 INFO      DONE  'TCEC_Season_17_-_Stockfish_1pct_Vs_L2_Test_3.pgn' — 1,457 samples in 0.31s
2025-05-02 23:08:11,426 INFO     START  parsing 'TCEC_Season_6_-_FRC.pgn'
2025-05-02 23:08:14,448 INFO      DONE  'TCEC_Season_6_-_FRC.pgn' — 13,883 samples in 3.02s
2025-05-02 23:08:14,448 INFO     START  parsing 'TCEC_Season_24_-_Frc6_Semileague_2.pgn'
2025-05-02 23:08:15,138 INFO      DONE  'TCEC_Season_24_-_Frc6_Semileague_2.pgn' — 3,200 samples in 0.69s
2025-05-02 23:08:15,138 INFO     START  parsing 'TCEC_Season_16_-_Frc_Cpu_League_2_Playoff.pgn'
2025-05-02 23:08:15,224 INFO      DONE  'TCEC_Season_16_-_Frc_Cpu_League_2_Playoff.pgn' — 435 samples in 0.09s
2025-05-02 23:08:15,224 INFO     START  parsing 'TCEC_Season_26_-_Old_Vs_4k_Top_Bonus.pgn'
2025-05-02 23:08:23,616 INFO      DONE  'TCEC_Season_26_-_Old_Vs_4k_Top_Bonus.pgn' — 36,028 samples in 8.39s
2025-05-02 23:08:23,616 INFO     START  parsing 'TCEC_Season_24_-_Dfrc_2_League_1.pgn'
2025-05-02 23:08:26,786 INFO      DONE  'TCEC_Season_24_-_Dfrc_2_League_1.pgn' — 14,728 samples in 3.17s
2025-05-02 23:08:26,786 INFO     START  parsing 'TCEC_Season_16_-_Lczerocpu_Vs_League_2_Bonus.pgn'
2025-05-02 23:08:28,055 INFO      DONE  'TCEC_Season_16_-_Lczerocpu_Vs_League_2_Bonus.pgn' — 5,501 samples in 1.27s
2025-05-02 23:08:28,056 INFO     START  parsing 'lichess_elite_2015-03.pgn'
2025-05-02 23:08:40,331 INFO      DONE  'lichess_elite_2015-03.pgn' — 65,516 samples in 12.28s
2025-05-02 23:08:40,331 INFO     START  parsing 'TCEC_Cup_3_Final.pgn'
2025-05-02 23:08:40,754 INFO      DONE  'TCEC_Cup_3_Final.pgn' — 1,701 samples in 0.42s
2025-05-02 23:08:40,754 INFO     START  parsing 'TCEC_Season_24_-_Dfrc_2_League_3.pgn'
2025-05-02 23:08:43,402 INFO      DONE  'TCEC_Season_24_-_Dfrc_2_League_3.pgn' — 11,890 samples in 2.65s
2025-05-02 23:08:43,403 INFO     START  parsing 'lichess_elite_2015-06.pgn'
2025-05-02 23:08:48,352 INFO      DONE  'lichess_elite_2015-06.pgn' — 27,545 samples in 4.95s
2025-05-02 23:08:48,352 INFO     START  parsing 'TCEC_Season_18_-_Sufi_Testing_1.pgn'
2025-05-02 23:08:48,764 INFO      DONE  'TCEC_Season_18_-_Sufi_Testing_1.pgn' — 1,992 samples in 0.41s
2025-05-02 23:08:48,764 INFO     START  parsing 'TCEC_Season_16_-_Revisit_Bonus_S12_Div4_Lczero_Games.pgn'
2025-05-02 23:08:49,763 INFO      DONE  'TCEC_Season_16_-_Revisit_Bonus_S12_Div4_Lczero_Games.pgn' — 4,294 samples in 1.00s
2025-05-02 23:08:49,764 INFO     START  parsing 'TCEC_Season_18_-_Ql_And_L3_Testing_3.pgn'
2025-05-02 23:08:50,769 INFO      DONE  'TCEC_Season_18_-_Ql_And_L3_Testing_3.pgn' — 4,700 samples in 1.00s
2025-05-02 23:08:50,769 INFO     START  parsing 'TCEC_Season_24_-_Swiss_4_Testing.pgn'
2025-05-02 23:08:54,507 INFO      DONE  'TCEC_Season_24_-_Swiss_4_Testing.pgn' — 17,206 samples in 3.74s
2025-05-02 23:08:54,507 INFO     START  parsing 'TCEC_Cup_2_Octofinal_2.pgn'
2025-05-02 23:08:55,406 INFO      DONE  'lichess_elite_2017-07.pgn' — 2,009,048 samples in 366.10s
2025-05-02 23:08:55,406 INFO     START  parsing 'TCEC_Season_25_-_Frd_1_Semileague_2.pgn'
2025-05-02 23:08:56,359 INFO      DONE  'TCEC_Cup_2_Octofinal_2.pgn' — 8,368 samples in 1.85s
2025-05-02 23:08:56,359 INFO     START  parsing 'TCEC_Season_15_-_Division_4b.pgn'
2025-05-02 23:08:57,810 INFO      DONE  'TCEC_Season_25_-_Frd_1_Semileague_2.pgn' — 9,898 samples in 2.40s
2025-05-02 23:08:57,811 INFO     START  parsing 'TCEC_Cup_13_Bronze.pgn'
2025-05-02 23:08:58,426 INFO      DONE  'TCEC_Cup_13_Bronze.pgn' — 2,396 samples in 0.62s
2025-05-02 23:08:58,426 INFO     START  parsing 'TCEC_Season_25_-_Division_P_Playoff.pgn'
2025-05-02 23:08:59,024 INFO      DONE  'TCEC_Season_15_-_Division_4b.pgn' — 12,196 samples in 2.66s
2025-05-02 23:08:59,024 INFO     START  parsing 'TCEC_Season_22_-_Bonus_Dfrc_1_Final.pgn'
2025-05-02 23:09:00,422 INFO      DONE  'TCEC_Season_25_-_Division_P_Playoff.pgn' — 8,138 samples in 2.00s
2025-05-02 23:09:00,423 INFO     START  parsing 'TCEC_Season_21_-_Cup_9_Testing.pgn'
2025-05-02 23:09:00,500 INFO      DONE  'TCEC_Season_22_-_Bonus_Dfrc_1_Final.pgn' — 6,923 samples in 1.48s
2025-05-02 23:09:00,501 INFO     START  parsing 'TCEC_Cup_4_Quarterfinal.pgn'
2025-05-02 23:09:02,387 INFO      DONE  'TCEC_Cup_4_Quarterfinal.pgn' — 6,750 samples in 1.89s
2025-05-02 23:09:02,387 INFO     START  parsing 'lichess_elite_2015-01.pgn'
2025-05-02 23:09:06,887 INFO      DONE  'TCEC_Season_21_-_Cup_9_Testing.pgn' — 28,598 samples in 6.46s
2025-05-02 23:09:06,887 INFO     START  parsing 'TCEC_Season_24_-_4k_2_Final.pgn'
2025-05-02 23:09:07,708 INFO      DONE  'TCEC_Season_24_-_4k_2_Final.pgn' — 3,683 samples in 0.82s
2025-05-02 23:09:07,708 INFO     START  parsing 'TCEC_Match_2.pgn'
2025-05-02 23:09:09,159 INFO      DONE  'TCEC_Match_2.pgn' — 6,514 samples in 1.45s
2025-05-02 23:09:09,160 INFO     START  parsing 'lichess_elite_2016-07.pgn'
2025-05-02 23:09:09,475 INFO      DONE  'lichess_elite_2015-01.pgn' — 38,585 samples in 7.09s
2025-05-02 23:09:09,475 INFO     START  parsing 'TCEC_Season_17_-_Fix_Update_Test_And_Filler_3.pgn'
2025-05-02 23:09:11,156 INFO      DONE  'TCEC_Season_17_-_Fix_Update_Test_And_Filler_3.pgn' — 7,067 samples in 1.68s
2025-05-02 23:09:11,156 INFO     START  parsing 'TCEC_Season_25_-_Frd_1_League_B.pgn'
2025-05-02 23:09:13,129 INFO      DONE  'TCEC_Season_25_-_Frd_1_League_B.pgn' — 9,502 samples in 1.97s
2025-05-02 23:09:13,129 INFO     START  parsing 'TCEC_Season_26_-_Swiss_6.pgn'
2025-05-02 23:09:22,393 INFO      DONE  'lichess_elite_2018-02.pgn' — 2,278,574 samples in 414.65s
2025-05-02 23:09:22,394 INFO     START  parsing 'TCEC_Season_15_-_Division_4_Playoff.pgn'
2025-05-02 23:09:22,996 INFO      DONE  'TCEC_Season_15_-_Division_4_Playoff.pgn' — 2,878 samples in 0.60s
2025-05-02 23:09:22,996 INFO     START  parsing 'TCEC_Season_8_-_Stage_3.pgn'
2025-05-02 23:09:26,284 INFO      DONE  'TCEC_Season_8_-_Stage_3.pgn' — 13,833 samples in 3.29s
2025-05-02 23:09:26,284 INFO     START  parsing 'TCEC_Season_20_-_Frc3_League_A.pgn'
2025-05-02 23:09:26,999 INFO      DONE  'TCEC_Season_20_-_Frc3_League_A.pgn' — 3,250 samples in 0.72s
2025-05-02 23:09:27,000 INFO     START  parsing 'TCEC_Season_16_-_Viewer_Submitted_Openings_Bonus_12.pgn'
2025-05-02 23:09:28,426 INFO      DONE  'TCEC_Season_16_-_Viewer_Submitted_Openings_Bonus_12.pgn' — 6,776 samples in 1.43s
2025-05-02 23:09:28,426 INFO     START  parsing 'TCEC_Cup_9_Semifinal.pgn'
2025-05-02 23:09:29,708 INFO      DONE  'TCEC_Cup_9_Semifinal.pgn' — 6,142 samples in 1.28s
2025-05-02 23:09:29,708 INFO     START  parsing 'TCEC_Season_24_-_4k_Testing.pgn'
2025-05-02 23:09:30,833 INFO      DONE  'TCEC_Season_24_-_4k_Testing.pgn' — 5,336 samples in 1.12s
2025-05-02 23:09:30,833 INFO     START  parsing 'TCEC_Season_21_-_Infrafinal.pgn'
2025-05-02 23:09:32,399 INFO      DONE  'TCEC_Season_21_-_Infrafinal.pgn' — 6,938 samples in 1.57s
2025-05-02 23:09:32,400 INFO     START  parsing 'TCEC_Season_7_-_Stage_2.pgn'
2025-05-02 23:09:32,544 INFO      DONE  'TCEC_Season_26_-_Swiss_6.pgn' — 85,563 samples in 19.41s
2025-05-02 23:09:32,544 INFO     START  parsing 'TCEC_Season_18_-_L2_And_L1_And_Bonus_Testing_1.pgn'
2025-05-02 23:09:33,701 INFO      DONE  'TCEC_Season_18_-_L2_And_L1_And_Bonus_Testing_1.pgn' — 5,361 samples in 1.16s
2025-05-02 23:09:33,702 INFO     START  parsing 'lichess_elite_2015-12.pgn'
2025-05-02 23:09:35,418 INFO      DONE  'TCEC_Season_7_-_Stage_2.pgn' — 13,083 samples in 3.02s
2025-05-02 23:09:35,418 INFO     START  parsing 'TCEC_Season_14_-_End_of_Season_Bonus_Final.pgn'
2025-05-02 23:09:41,121 INFO      DONE  'TCEC_Season_14_-_End_of_Season_Bonus_Final.pgn' — 20,467 samples in 5.70s
2025-05-02 23:09:41,121 INFO     START  parsing 'TCEC_Season_26_-_Frd_2_Semileague_2.pgn'
2025-05-02 23:09:42,952 INFO      DONE  'TCEC_Season_26_-_Frd_2_Semileague_2.pgn' — 8,343 samples in 1.83s
2025-05-02 23:09:42,952 INFO     START  parsing 'TCEC_Season_18_-_Book_Bonus.pgn'
2025-05-02 23:09:43,854 INFO      DONE  'TCEC_Season_18_-_Book_Bonus.pgn' — 3,707 samples in 0.90s
2025-05-02 23:09:43,855 INFO     START  parsing 'TCEC_Season_12_-_Division_2.pgn'
2025-05-02 23:09:47,005 INFO      DONE  'TCEC_Season_12_-_Division_2.pgn' — 14,528 samples in 3.15s
2025-05-02 23:09:47,005 INFO     START  parsing 'TCEC_Cup_2_Round32_1.pgn'
2025-05-02 23:09:50,464 INFO      DONE  'TCEC_Cup_2_Round32_1.pgn' — 16,145 samples in 3.46s
2025-05-02 23:09:50,464 INFO     START  parsing 'TCEC_Season_16_-_Testing_Glaurung_Vs_Qualification.pgn'
2025-05-02 23:09:52,632 INFO      DONE  'TCEC_Season_16_-_Testing_Glaurung_Vs_Qualification.pgn' — 10,458 samples in 2.17s
2025-05-02 23:09:52,632 INFO     START  parsing 'TCEC_Season_16_-_Lczero_-_Alliestein_Bonus.pgn'
2025-05-02 23:09:56,607 INFO      DONE  'TCEC_Season_16_-_Lczero_-_Alliestein_Bonus.pgn' — 16,244 samples in 3.97s
2025-05-02 23:09:56,607 INFO     START  parsing 'TCEC_Season_21_-_Frc4_Semileague_2.pgn'
2025-05-02 23:09:57,286 INFO      DONE  'TCEC_Season_21_-_Frc4_Semileague_2.pgn' — 3,533 samples in 0.68s
2025-05-02 23:09:57,286 INFO     START  parsing 'TCEC_Season_22_-_Frc5_League_B.pgn'
2025-05-02 23:09:58,114 INFO      DONE  'TCEC_Season_22_-_Frc5_League_B.pgn' — 3,654 samples in 0.83s
2025-05-02 23:09:58,114 INFO     START  parsing 'lichess_elite_2014-01.pgn'
2025-05-02 23:09:58,172 INFO      DONE  'lichess_elite_2014-01.pgn' — 299 samples in 0.06s
2025-05-02 23:09:58,172 INFO     START  parsing 'TCEC_Cup_12_Round32.pgn'
2025-05-02 23:10:01,357 INFO      DONE  'TCEC_Cup_12_Round32.pgn' — 14,144 samples in 3.18s
2025-05-02 23:10:01,357 INFO     START  parsing 'lichess_elite_2019-02.pgn'
2025-05-02 23:10:55,170 INFO      DONE  'lichess_elite_2015-12.pgn' — 446,402 samples in 81.47s
2025-05-02 23:10:55,170 INFO     START  parsing 'TCEC_Season_22_-_Subfinal_Bonus.pgn'
2025-05-02 23:10:59,205 INFO      DONE  'TCEC_Season_22_-_Subfinal_Bonus.pgn' — 16,805 samples in 4.03s
2025-05-02 23:10:59,205 INFO     START  parsing 'TCEC_Season_24_-_League_1.pgn'
2025-05-02 23:11:08,740 INFO      DONE  'TCEC_Season_24_-_League_1.pgn' — 40,579 samples in 9.54s
2025-05-02 23:11:08,740 INFO     START  parsing 'TCEC_Season_20_-_League_1.pgn'
2025-05-02 23:11:12,651 INFO      DONE  'TCEC_Season_20_-_League_1.pgn' — 17,012 samples in 3.91s
2025-05-02 23:11:12,651 INFO     START  parsing 'TCEC_Season_22_-_L1_Testing.pgn'
2025-05-02 23:11:13,100 INFO      DONE  'TCEC_Season_22_-_L1_Testing.pgn' — 2,104 samples in 0.45s
2025-05-02 23:11:13,100 INFO     START  parsing 'TCEC_Season_26_-_Ultra_Bullet_Chess_Bonus.pgn'
2025-05-02 23:11:16,719 INFO      DONE  'TCEC_Season_26_-_Ultra_Bullet_Chess_Bonus.pgn' — 15,879 samples in 3.62s
2025-05-02 23:11:16,719 INFO     START  parsing 'TCEC_Season_2_-_Elite-Match.pgn'
2025-05-02 23:11:18,343 INFO      DONE  'TCEC_Season_2_-_Elite-Match.pgn' — 6,695 samples in 1.62s
2025-05-02 23:11:18,343 INFO     START  parsing 'TCEC_Cup_3_Semifinal.pgn'
2025-05-02 23:11:18,987 INFO      DONE  'TCEC_Cup_3_Semifinal.pgn' — 2,619 samples in 0.64s
2025-05-02 23:11:18,988 INFO     START  parsing 'lichess_elite_2016-10.pgn'
2025-05-02 23:12:58,314 INFO      DONE  'lichess_elite_2018-10.pgn' — 3,385,672 samples in 621.60s
2025-05-02 23:12:58,314 INFO     START  parsing 'lichess_elite_2014-04.pgn'
2025-05-02 23:12:58,425 INFO      DONE  'lichess_elite_2014-04.pgn' — 585 samples in 0.11s
2025-05-02 23:12:58,425 INFO     START  parsing 'TCEC_Season_20_-_Frc3_Testing_2.pgn'
2025-05-02 23:12:58,508 INFO      DONE  'TCEC_Season_20_-_Frc3_Testing_2.pgn' — 410 samples in 0.08s
2025-05-02 23:12:58,508 INFO     START  parsing 'TCEC_Season_27_-_Frd_3_League_D.pgn'
2025-05-02 23:13:00,609 INFO      DONE  'TCEC_Season_27_-_Frd_3_League_D.pgn' — 8,834 samples in 2.10s
2025-05-02 23:13:00,609 INFO     START  parsing 'TCEC_Season_22_-_Subfi_Testing.pgn'
2025-05-02 23:13:00,714 INFO      DONE  'TCEC_Season_22_-_Subfi_Testing.pgn' — 503 samples in 0.10s
2025-05-02 23:13:00,714 INFO     START  parsing 'TCEC_Cup_3_Round32.pgn'
2025-05-02 23:13:03,468 INFO      DONE  'TCEC_Cup_3_Round32.pgn' — 12,979 samples in 2.75s
2025-05-02 23:13:03,468 INFO     START  parsing 'TCEC_Season_18_-_Superfinal.pgn'
2025-05-02 23:13:05,340 INFO      DONE  'lichess_elite_2018-05.pgn' — 2,569,695 samples in 516.05s
2025-05-02 23:13:05,340 INFO     START  parsing 'TCEC_Season_20_-_Ql_L4_L3_Vs_Gull_Testing_3.pgn'
2025-05-02 23:13:05,521 INFO      DONE  'TCEC_Season_20_-_Ql_L4_L3_Vs_Gull_Testing_3.pgn' — 874 samples in 0.18s
2025-05-02 23:13:05,522 INFO     START  parsing 'TCEC_Cup_7_Bronze.pgn'
2025-05-02 23:13:05,691 INFO      DONE  'TCEC_Cup_7_Bronze.pgn' — 790 samples in 0.17s
2025-05-02 23:13:05,691 INFO     START  parsing 'TCEC_Season_23_-_4k_Testing.pgn'
2025-05-02 23:13:07,200 INFO      DONE  'TCEC_Season_18_-_Superfinal.pgn' — 15,114 samples in 3.73s
2025-05-02 23:13:07,201 INFO     START  parsing 'TCEC_Season_5_-_Stage_1.pgn'
2025-05-02 23:13:07,849 INFO      DONE  'TCEC_Season_23_-_4k_Testing.pgn' — 9,992 samples in 2.16s
2025-05-02 23:13:07,849 INFO     START  parsing 'TCEC_Season_14_-_Bonus_2.pgn'
2025-05-02 23:13:10,376 INFO      DONE  'TCEC_Season_14_-_Bonus_2.pgn' — 9,470 samples in 2.53s
2025-05-02 23:13:10,377 INFO     START  parsing 'TCEC_Season_20_-_Sufi_Bonus_2.pgn'
2025-05-02 23:13:10,730 INFO      DONE  'TCEC_Season_5_-_Stage_1.pgn' — 15,878 samples in 3.53s
2025-05-02 23:13:10,730 INFO     START  parsing 'lichess_elite_2017-09.pgn'
2025-05-02 23:13:13,630 INFO      DONE  'TCEC_Season_20_-_Sufi_Bonus_2.pgn' — 14,255 samples in 3.25s
2025-05-02 23:13:13,630 INFO     START  parsing 'TCEC_Cup_3_Quarterfinal.pgn'
2025-05-02 23:13:14,983 INFO      DONE  'TCEC_Cup_3_Quarterfinal.pgn' — 5,538 samples in 1.35s
2025-05-02 23:13:14,984 INFO     START  parsing 'TCEC_Season_20_-_Frc3_Testing_1.pgn'
2025-05-02 23:13:15,072 INFO      DONE  'TCEC_Season_20_-_Frc3_Testing_1.pgn' — 448 samples in 0.09s
2025-05-02 23:13:15,073 INFO     START  parsing 'TCEC_Season_26_-_Grob_Mating_Bonus.pgn'
2025-05-02 23:13:17,507 INFO      DONE  'TCEC_Season_26_-_Grob_Mating_Bonus.pgn' — 9,887 samples in 2.43s
2025-05-02 23:13:17,507 INFO     START  parsing 'TCEC_Season_22_-_Swiss_3.pgn'
2025-05-02 23:13:33,603 INFO      DONE  'TCEC_Season_22_-_Swiss_3.pgn' — 72,670 samples in 16.10s
2025-05-02 23:13:33,604 INFO     START  parsing 'TCEC_Tournament_4.pgn'
2025-05-02 23:13:34,605 INFO      DONE  'TCEC_Tournament_4.pgn' — 4,381 samples in 1.00s
2025-05-02 23:13:34,606 INFO     START  parsing 'lichess_elite_2017-11.pgn'
2025-05-02 23:16:28,458 INFO      DONE  'lichess_elite_2016-07.pgn' — 2,382,942 samples in 439.30s
2025-05-02 23:16:28,458 INFO     START  parsing 'TCEC_Season_27_-_Frd_3_League_B.pgn'
2025-05-02 23:16:30,188 INFO      DONE  'TCEC_Season_27_-_Frd_3_League_B.pgn' — 7,830 samples in 1.73s
2025-05-02 23:16:30,189 INFO     START  parsing 'TCEC_Season_21_-_Booot_Testing.pgn'
2025-05-02 23:16:30,710 INFO      DONE  'TCEC_Season_21_-_Booot_Testing.pgn' — 2,122 samples in 0.52s
2025-05-02 23:16:30,710 INFO     START  parsing 'TCEC_Season_24_-_Kibitzer_Bonus.pgn'
2025-05-02 23:16:33,182 INFO      DONE  'TCEC_Season_24_-_Kibitzer_Bonus.pgn' — 9,507 samples in 2.47s
2025-05-02 23:16:33,182 INFO     START  parsing 'TCEC_Cup_6_Semifinal.pgn'
2025-05-02 23:16:33,526 INFO      DONE  'TCEC_Cup_6_Semifinal.pgn' — 1,447 samples in 0.34s
2025-05-02 23:16:33,526 INFO     START  parsing 'TCEC_Cup_14_Final.pgn'
2025-05-02 23:16:35,023 INFO      DONE  'TCEC_Cup_14_Final.pgn' — 6,214 samples in 1.50s
2025-05-02 23:16:35,023 INFO     START  parsing 'TCEC_Season_27_-_Category_3_Playoff.pgn'
2025-05-02 23:16:35,580 INFO      DONE  'TCEC_Season_27_-_Category_3_Playoff.pgn' — 2,770 samples in 0.56s
2025-05-02 23:16:35,580 INFO     START  parsing 'TCEC_Season_17_-_Viewer_Submitted_Openings_Bonus_14.pgn'
2025-05-02 23:16:36,676 INFO      DONE  'TCEC_Season_17_-_Viewer_Submitted_Openings_Bonus_14.pgn' — 5,127 samples in 1.10s
2025-05-02 23:16:36,676 INFO     START  parsing 'TCEC_Season_16_-_Division_Testing_9_Lczero_1pct_Vs_Qualification.pgn'
2025-05-02 23:16:37,429 INFO      DONE  'TCEC_Season_16_-_Division_Testing_9_Lczero_1pct_Vs_Qualification.pgn' — 3,408 samples in 0.75s
2025-05-02 23:16:37,429 INFO     START  parsing 'TCEC_Season_10_-_Blitz.pgn'
2025-05-02 23:16:58,472 INFO      DONE  'TCEC_Season_10_-_Blitz.pgn' — 88,860 samples in 21.04s
2025-05-02 23:16:58,472 INFO     START  parsing 'TCEC_Season_7_-_Stage_1a.pgn'
2025-05-02 23:17:01,379 INFO      DONE  'TCEC_Season_7_-_Stage_1a.pgn' — 12,884 samples in 2.91s
2025-05-02 23:17:01,379 INFO     START  parsing 'TCEC_Season_26_-_Frd_2_League_D.pgn'
2025-05-02 23:17:03,146 INFO      DONE  'TCEC_Season_26_-_Frd_2_League_D.pgn' — 8,144 samples in 1.77s
2025-05-02 23:17:03,147 INFO     START  parsing 'TCEC_Season_21_-_Frc4_League_B.pgn'
2025-05-02 23:17:04,822 INFO      DONE  'TCEC_Season_21_-_Frc4_League_B.pgn' — 7,867 samples in 1.68s
2025-05-02 23:17:04,822 INFO     START  parsing 'lichess_elite_2019-11.pgn'
2025-05-02 23:17:40,370 INFO      DONE  'lichess_elite_2016-10.pgn' — 2,070,597 samples in 381.38s
2025-05-02 23:17:40,370 INFO     START  parsing 'TCEC_Season_10_-_Stage_2.pgn'
2025-05-02 23:17:42,167 INFO      DONE  'lichess_elite_2019-05.pgn' — 4,827,675 samples in 915.27s
2025-05-02 23:17:42,167 INFO     START  parsing 'TCEC_Season_17_-_Ethereal-fire_Filler_Showdown.pgn'
2025-05-02 23:17:42,306 INFO      DONE  'TCEC_Season_17_-_Ethereal-fire_Filler_Showdown.pgn' — 684 samples in 0.14s
2025-05-02 23:17:42,306 INFO     START  parsing 'TCEC_Season_22_-_Division_P.pgn'
2025-05-02 23:17:43,484 INFO      DONE  'TCEC_Season_10_-_Stage_2.pgn' — 14,244 samples in 3.11s
2025-05-02 23:17:43,484 INFO     START  parsing 'TCEC_Cup_13_Final.pgn'
2025-05-02 23:17:44,271 INFO      DONE  'TCEC_Cup_13_Final.pgn' — 3,454 samples in 0.79s
2025-05-02 23:17:44,272 INFO     START  parsing 'TCEC_Season_27_-_4k_Testing.pgn'
2025-05-02 23:17:50,151 INFO      DONE  'TCEC_Season_22_-_Division_P.pgn' — 33,884 samples in 7.84s
2025-05-02 23:17:50,151 INFO     START  parsing 'TCEC_Season_26_-_Superfinal.pgn'
2025-05-02 23:17:54,115 INFO      DONE  'TCEC_Season_26_-_Superfinal.pgn' — 16,749 samples in 3.96s
2025-05-02 23:17:54,116 INFO     START  parsing 'TCEC_Season_6_-_Stage_1b.pgn'
2025-05-02 23:17:55,953 INFO      DONE  'TCEC_Season_27_-_4k_Testing.pgn' — 51,349 samples in 11.68s
2025-05-02 23:17:55,954 INFO     START  parsing 'TCEC_Season_22_-_League_3.pgn'
2025-05-02 23:17:56,219 INFO      DONE  'TCEC_Season_6_-_Stage_1b.pgn' — 8,994 samples in 2.10s
2025-05-02 23:17:56,219 INFO     START  parsing 'TCEC_Season_26_-_League_1.pgn'
2025-05-02 23:18:00,001 INFO      DONE  'TCEC_Season_22_-_League_3.pgn' — 18,251 samples in 4.05s
2025-05-02 23:18:00,001 INFO     START  parsing 'TCEC_Season_16_-_Viewer_Submitted_Openings_Bonus_1.pgn'
2025-05-02 23:18:01,623 INFO      DONE  'TCEC_Season_16_-_Viewer_Submitted_Openings_Bonus_1.pgn' — 7,414 samples in 1.62s
2025-05-02 23:18:01,623 INFO     START  parsing 'TCEC_Season_11_-_Division_1.pgn'
2025-05-02 23:18:05,473 INFO      DONE  'TCEC_Season_26_-_League_1.pgn' — 39,653 samples in 9.25s
2025-05-02 23:18:05,474 INFO     START  parsing 'TCEC_Season_25_-_Frd_1_Testing_Part_2.pgn'
2025-05-02 23:18:06,666 INFO      DONE  'TCEC_Season_25_-_Frd_1_Testing_Part_2.pgn' — 5,704 samples in 1.19s
2025-05-02 23:18:06,666 INFO     START  parsing 'TCEC_Season_19_-_League_2.pgn'
2025-05-02 23:18:08,615 INFO      DONE  'TCEC_Season_11_-_Division_1.pgn' — 30,915 samples in 6.99s
2025-05-02 23:18:08,615 INFO     START  parsing 'TCEC_Season_23_-_Subfinal_Bonus.pgn'
2025-05-02 23:18:09,182 INFO      DONE  'TCEC_Season_19_-_League_2.pgn' — 11,503 samples in 2.52s
2025-05-02 23:18:09,182 INFO     START  parsing 'TCEC_Cup_8_Bronze.pgn'
2025-05-02 23:18:09,407 INFO      DONE  'TCEC_Cup_8_Bronze.pgn' — 823 samples in 0.23s
2025-05-02 23:18:09,407 INFO     START  parsing 'TCEC_Season_16_-_Superfinal.pgn'
2025-05-02 23:18:12,329 INFO      DONE  'TCEC_Season_23_-_Subfinal_Bonus.pgn' — 15,478 samples in 3.71s
2025-05-02 23:18:12,329 INFO     START  parsing 'TCEC_Season_25_-_League_2.pgn'
2025-05-02 23:18:13,972 INFO      DONE  'TCEC_Season_16_-_Superfinal.pgn' — 17,792 samples in 4.56s
2025-05-02 23:18:13,972 INFO     START  parsing 'TCEC_Season_22_-_Stockfish_13_Ccrl_Calibration.pgn'
2025-05-02 23:18:15,533 INFO      DONE  'TCEC_Season_22_-_Stockfish_13_Ccrl_Calibration.pgn' — 7,265 samples in 1.56s
2025-05-02 23:18:15,533 INFO     START  parsing 'TCEC_Season_26_-_Frc_No_Castling_Kibitzer_Bonus.pgn'
2025-05-02 23:18:16,048 INFO      DONE  'TCEC_Season_26_-_Frc_No_Castling_Kibitzer_Bonus.pgn' — 2,630 samples in 0.51s
2025-05-02 23:18:16,048 INFO     START  parsing 'TCEC_Season_19_-_Hash_Size_Test.pgn'
2025-05-02 23:18:16,074 INFO      DONE  'TCEC_Season_19_-_Hash_Size_Test.pgn' — 137 samples in 0.03s
2025-05-02 23:18:16,074 INFO     START  parsing 'lichess_elite_2014-07.pgn'
2025-05-02 23:18:17,639 INFO      DONE  'lichess_elite_2014-07.pgn' — 8,379 samples in 1.57s
2025-05-02 23:18:17,640 INFO     START  parsing 'TCEC_Season_19_-_Divp_Vs_Stockfish11_Ccrl_Testing_2.pgn'
2025-05-02 23:18:18,372 INFO      DONE  'TCEC_Season_19_-_Divp_Vs_Stockfish11_Ccrl_Testing_2.pgn' — 3,079 samples in 0.73s
2025-05-02 23:18:18,372 INFO     START  parsing 'TCEC_Season_21_-_League_4.pgn'
2025-05-02 23:18:20,532 INFO      DONE  'TCEC_Season_25_-_League_2.pgn' — 36,803 samples in 8.20s
2025-05-02 23:18:20,532 INFO     START  parsing 'TCEC_Season_26_-_4k_Iii_Minifinal.pgn'
2025-05-02 23:18:22,504 INFO      DONE  'TCEC_Season_26_-_4k_Iii_Minifinal.pgn' — 8,399 samples in 1.97s
2025-05-02 23:18:22,504 INFO     START  parsing 'lichess_elite_2019-10.pgn'
2025-05-02 23:18:22,714 INFO      DONE  'TCEC_Season_21_-_League_4.pgn' — 18,768 samples in 4.34s
2025-05-02 23:18:22,714 INFO     START  parsing 'lichess_elite_2016-02.pgn'
2025-05-02 23:19:03,853 INFO      DONE  'lichess_elite_2017-09.pgn' — 1,894,738 samples in 353.12s
2025-05-02 23:19:03,853 INFO     START  parsing 'TCEC_Season_26_-_Entrance_League.pgn'
2025-05-02 23:19:12,309 INFO      DONE  'TCEC_Season_26_-_Entrance_League.pgn' — 35,448 samples in 8.46s
2025-05-02 23:19:12,309 INFO     START  parsing 'TCEC_Season_26_-_Contemptla_Gauntlet_Kibitzer_Bonus.pgn'
2025-05-02 23:19:14,236 INFO      DONE  'TCEC_Season_26_-_Contemptla_Gauntlet_Kibitzer_Bonus.pgn' — 7,785 samples in 1.93s
2025-05-02 23:19:14,236 INFO     START  parsing 'TCEC_Season_16_-_Frc_Gpu_Bonus.pgn'
2025-05-02 23:19:14,630 INFO      DONE  'TCEC_Season_16_-_Frc_Gpu_Bonus.pgn' — 1,931 samples in 0.39s
2025-05-02 23:19:14,630 INFO     START  parsing 'TCEC_Season_16_-_Division_Testing_6_ChessFighterNN.pgn'
2025-05-02 23:19:14,832 INFO      DONE  'TCEC_Season_16_-_Division_Testing_6_ChessFighterNN.pgn' — 996 samples in 0.20s
2025-05-02 23:19:14,832 INFO     START  parsing 'TCEC_Season_20_-_Ql_L4_L3_Vs_Komodo_10_Testing_2.pgn'
2025-05-02 23:19:15,157 INFO      DONE  'TCEC_Season_20_-_Ql_L4_L3_Vs_Komodo_10_Testing_2.pgn' — 1,583 samples in 0.33s
2025-05-02 23:19:15,158 INFO     START  parsing 'TCEC_Season_27_-_League_2.pgn'
2025-05-02 23:19:23,688 INFO      DONE  'TCEC_Season_27_-_League_2.pgn' — 37,623 samples in 8.53s
2025-05-02 23:19:23,688 INFO     START  parsing 'TCEC_Season_25_-_League_1.pgn'
2025-05-02 23:19:32,226 INFO      DONE  'TCEC_Season_25_-_League_1.pgn' — 38,370 samples in 8.54s
2025-05-02 23:19:32,226 INFO     START  parsing 'TCEC_Season_22_-_Dfrc_1.pgn'
2025-05-02 23:19:39,993 INFO      DONE  'TCEC_Season_22_-_Dfrc_1.pgn' — 36,372 samples in 7.77s
2025-05-02 23:19:39,993 INFO     START  parsing 'TCEC_Season_19_-_Divp_Vs_Komodo14_Ccrl_Testing_1.pgn'
2025-05-02 23:19:40,173 INFO      DONE  'TCEC_Season_19_-_Divp_Vs_Komodo14_Ccrl_Testing_1.pgn' — 875 samples in 0.18s
2025-05-02 23:19:40,173 INFO     START  parsing 'TCEC_Season_26_-_Rapid_Chess_Bonus.pgn'
2025-05-02 23:19:42,048 INFO      DONE  'TCEC_Season_26_-_Rapid_Chess_Bonus.pgn' — 9,373 samples in 1.87s
2025-05-02 23:19:42,049 INFO     START  parsing 'TCEC_Season_17_-_Stockfish_0.1pct_Vs_Glaurung_Test.pgn'
2025-05-02 23:19:42,088 INFO      DONE  'TCEC_Season_17_-_Stockfish_0.1pct_Vs_Glaurung_Test.pgn' — 210 samples in 0.04s
2025-05-02 23:19:42,089 INFO     START  parsing 'TCEC_Season_15_-_Champion_Houdini_3_Vs_Glaurung.pgn'
2025-05-02 23:19:42,290 INFO      DONE  'TCEC_Season_15_-_Champion_Houdini_3_Vs_Glaurung.pgn' — 914 samples in 0.20s
2025-05-02 23:19:42,290 INFO     START  parsing 'TCEC_Season_16_-_Testing_13_Lczero_1pct_Vs_Qualification.pgn'
2025-05-02 23:19:43,751 INFO      DONE  'TCEC_Season_16_-_Testing_13_Lczero_1pct_Vs_Qualification.pgn' — 5,875 samples in 1.46s
2025-05-02 23:19:43,751 INFO     START  parsing 'TCEC_Cup_10_Final.pgn'
2025-05-02 23:19:44,106 INFO      DONE  'TCEC_Cup_10_Final.pgn' — 1,620 samples in 0.35s
2025-05-02 23:19:44,106 INFO     START  parsing 'TCEC_Season_26_-_Frd_2_Testing_2.pgn'
2025-05-02 23:19:44,980 INFO      DONE  'TCEC_Season_26_-_Frd_2_Testing_2.pgn' — 4,072 samples in 0.87s
2025-05-02 23:19:44,981 INFO     START  parsing 'TCEC_Cup_7_Round32.pgn'
2025-05-02 23:19:45,315 INFO      DONE  'lichess_elite_2017-11.pgn' — 1,986,015 samples in 370.71s
2025-05-02 23:19:45,316 INFO     START  parsing 'TCEC_Season_15_-_Champions_Bonus.pgn'
2025-05-02 23:19:46,357 INFO      DONE  'TCEC_Cup_7_Round32.pgn' — 6,491 samples in 1.38s
2025-05-02 23:19:46,357 INFO     START  parsing 'lichess_elite_2016-11.pgn'
2025-05-02 23:19:56,196 INFO      DONE  'TCEC_Season_15_-_Champions_Bonus.pgn' — 49,029 samples in 10.88s
2025-05-02 23:19:56,196 INFO     START  parsing 'TCEC_Cup_8_Quarterfinal.pgn'
2025-05-02 23:19:56,724 INFO      DONE  'TCEC_Cup_8_Quarterfinal.pgn' — 2,638 samples in 0.53s
2025-05-02 23:19:56,724 INFO     START  parsing 'TCEC_Season_16_-_Frc_Cpu_League_1.pgn'
2025-05-02 23:19:58,931 INFO      DONE  'TCEC_Season_16_-_Frc_Cpu_League_1.pgn' — 10,547 samples in 2.21s
2025-05-02 23:19:58,931 INFO     START  parsing 'TCEC_Season_26_-_Cup_13_Testing.pgn'
2025-05-02 23:20:02,019 INFO      DONE  'TCEC_Season_26_-_Cup_13_Testing.pgn' — 13,383 samples in 3.09s
2025-05-02 23:20:02,020 INFO     START  parsing 'TCEC_Season_6_-_Stage_1a.pgn'
2025-05-02 23:20:03,938 INFO      DONE  'TCEC_Season_6_-_Stage_1a.pgn' — 8,694 samples in 1.92s
2025-05-02 23:20:03,938 INFO     START  parsing 'TCEC_Cup_8_Round32.pgn'
2025-05-02 23:20:05,649 INFO      DONE  'TCEC_Cup_8_Round32.pgn' — 7,861 samples in 1.71s
2025-05-02 23:20:05,649 INFO     START  parsing 'TCEC_Season_23_-_Superfinal.pgn'
2025-05-02 23:20:09,344 INFO      DONE  'TCEC_Season_23_-_Superfinal.pgn' — 15,261 samples in 3.69s
2025-05-02 23:20:09,344 INFO     START  parsing 'TCEC_Season_26_-_Division_P.pgn'
2025-05-02 23:20:17,968 INFO      DONE  'TCEC_Season_26_-_Division_P.pgn' — 35,413 samples in 8.62s
2025-05-02 23:20:17,968 INFO     START  parsing 'TCEC_Season_16_-_League_1_Playoff.pgn'
2025-05-02 23:20:18,740 INFO      DONE  'TCEC_Season_16_-_League_1_Playoff.pgn' — 3,538 samples in 0.77s
2025-05-02 23:20:18,741 INFO     START  parsing 'TCEC_Season_5_-_Stage_3.pgn'
2025-05-02 23:20:21,640 INFO      DONE  'TCEC_Season_5_-_Stage_3.pgn' — 13,031 samples in 2.90s
2025-05-02 23:20:21,640 INFO     START  parsing 'TCEC_Season_21_-_League_3.pgn'
2025-05-02 23:20:25,501 INFO      DONE  'TCEC_Season_21_-_League_3.pgn' — 17,481 samples in 3.86s
2025-05-02 23:20:25,501 INFO     START  parsing 'TCEC_Season_21_-_Sufi_Bonus.pgn'
2025-05-02 23:20:26,164 INFO      DONE  'TCEC_Season_21_-_Sufi_Bonus.pgn' — 2,627 samples in 0.66s
2025-05-02 23:20:26,165 INFO     START  parsing 'lichess_elite_2017-05.pgn'
2025-05-02 23:21:31,575 INFO      DONE  'lichess_elite_2016-02.pgn' — 1,030,203 samples in 188.86s
2025-05-02 23:21:31,575 INFO     START  parsing 'lichess_elite_2017-01.pgn'
2025-05-02 23:22:06,918 INFO      DONE  'lichess_elite_2019-02.pgn' — 3,893,924 samples in 725.56s
2025-05-02 23:22:06,918 INFO     START  parsing 'TCEC_Season_16_-_Viewer_Submitted_Openings_Bonus_6.pgn'
2025-05-02 23:22:08,551 INFO      DONE  'TCEC_Season_16_-_Viewer_Submitted_Openings_Bonus_6.pgn' — 7,365 samples in 1.63s
2025-05-02 23:22:08,552 INFO     START  parsing 'TCEC_Season_21_-_Frc4_Final.pgn'
2025-05-02 23:22:10,324 INFO      DONE  'TCEC_Season_21_-_Frc4_Final.pgn' — 7,592 samples in 1.77s
2025-05-02 23:22:10,324 INFO     START  parsing 'TCEC_Season_12_-_Division_4.pgn'
2025-05-02 23:22:13,804 INFO      DONE  'TCEC_Season_12_-_Division_4.pgn' — 14,852 samples in 3.48s
2025-05-02 23:22:13,804 INFO     START  parsing 'TCEC_Season_11_-_Division_2.pgn'
2025-05-02 23:22:17,135 INFO      DONE  'TCEC_Season_11_-_Division_2.pgn' — 15,141 samples in 3.33s
2025-05-02 23:22:17,135 INFO     START  parsing 'TCEC_Season_19_-_Stockfish_11_Ccrl_Elo_Calibration_2.pgn'
2025-05-02 23:22:18,941 INFO      DONE  'TCEC_Season_19_-_Stockfish_11_Ccrl_Elo_Calibration_2.pgn' — 8,268 samples in 1.81s
2025-05-02 23:22:18,941 INFO     START  parsing 'TCEC_Season_23_-_Chess_Bonus.pgn'
2025-05-02 23:22:25,422 INFO      DONE  'TCEC_Season_23_-_Chess_Bonus.pgn' — 29,518 samples in 6.48s
2025-05-02 23:22:25,422 INFO     START  parsing 'TCEC_Season_25_-_Divp_Testing.pgn'
2025-05-02 23:22:25,906 INFO      DONE  'TCEC_Season_25_-_Divp_Testing.pgn' — 2,322 samples in 0.48s
2025-05-02 23:22:25,906 INFO     START  parsing 'TCEC_Season_15_-_Division_P.pgn'
2025-05-02 23:22:32,621 INFO      DONE  'TCEC_Season_15_-_Division_P.pgn' — 27,132 samples in 6.71s
2025-05-02 23:22:32,621 INFO     START  parsing 'TCEC_Cup_14_Round16.pgn'
2025-05-02 23:22:33,772 INFO      DONE  'lichess_elite_2019-06.pgn' — 6,351,270 samples in 1169.22s
2025-05-02 23:22:33,772 INFO     START  parsing 'TCEC_Season_22_-_L2_L1_Testing.pgn'
2025-05-02 23:22:34,389 INFO      DONE  'TCEC_Cup_14_Round16.pgn' — 7,228 samples in 1.77s
2025-05-02 23:22:34,389 INFO     START  parsing 'TCEC_Season_20_-_Divp_Vs_Komodo14_Ccrl_Testing_2.pgn'
2025-05-02 23:22:34,609 INFO      DONE  'TCEC_Season_20_-_Divp_Vs_Komodo14_Ccrl_Testing_2.pgn' — 1,057 samples in 0.22s
2025-05-02 23:22:34,609 INFO     START  parsing 'TCEC_Season_26_-_Frd_2_Final.pgn'
2025-05-02 23:22:35,948 INFO      DONE  'TCEC_Season_22_-_L2_L1_Testing.pgn' — 9,080 samples in 2.18s
2025-05-02 23:22:35,948 INFO     START  parsing 'TCEC_Cup_4_Round32.pgn'
2025-05-02 23:22:36,317 INFO      DONE  'TCEC_Season_26_-_Frd_2_Final.pgn' — 7,608 samples in 1.71s
2025-05-02 23:22:36,317 INFO     START  parsing 'TCEC_Cup_11_Quarterfinal.pgn'
2025-05-02 23:22:37,213 INFO      DONE  'TCEC_Cup_11_Quarterfinal.pgn' — 4,010 samples in 0.90s
2025-05-02 23:22:37,213 INFO     START  parsing 'TCEC_Season_26_-_Frd_2_Testing.pgn'
2025-05-02 23:22:39,067 INFO      DONE  'TCEC_Cup_4_Round32.pgn' — 13,701 samples in 3.12s
2025-05-02 23:22:39,068 INFO     START  parsing 'TCEC_Season_23_-_Divp_Testing.pgn'
2025-05-02 23:22:39,088 INFO      DONE  'TCEC_Season_26_-_Frd_2_Testing.pgn' — 8,604 samples in 1.87s
2025-05-02 23:22:39,088 INFO     START  parsing 'TCEC_Season_25_-_Frd_1_Final.pgn'
2025-05-02 23:22:40,845 INFO      DONE  'TCEC_Season_23_-_Divp_Testing.pgn' — 7,920 samples in 1.78s
2025-05-02 23:22:40,845 INFO     START  parsing 'TCEC_Season_17_-_Stockfish_3pct_Vs_Cpu_L1_Test_2.pgn'
2025-05-02 23:22:40,905 INFO      DONE  'TCEC_Season_25_-_Frd_1_Final.pgn' — 7,718 samples in 1.82s
2025-05-02 23:22:40,905 INFO     START  parsing 'TCEC_Season_19_-_Sufi_Testing_1.pgn'
2025-05-02 23:22:41,156 INFO      DONE  'TCEC_Season_19_-_Sufi_Testing_1.pgn' — 1,146 samples in 0.25s
2025-05-02 23:22:41,156 INFO     START  parsing 'TCEC_Cup_5_Quarterfinal.pgn'
2025-05-02 23:22:41,785 INFO      DONE  'TCEC_Cup_5_Quarterfinal.pgn' — 2,693 samples in 0.63s
2025-05-02 23:22:41,785 INFO     START  parsing 'TCEC_Season_17_-_Glaurung_Vs_Divp_Eval_Odds_Test_3.pgn'
2025-05-02 23:22:42,020 INFO      DONE  'TCEC_Season_17_-_Glaurung_Vs_Divp_Eval_Odds_Test_3.pgn' — 1,160 samples in 0.24s
2025-05-02 23:22:42,020 INFO     START  parsing 'TCEC_Testing_18_-_Cpu_Engine_Test1.pgn'
2025-05-02 23:22:42,161 INFO      DONE  'TCEC_Testing_18_-_Cpu_Engine_Test1.pgn' — 680 samples in 0.14s
2025-05-02 23:22:42,161 INFO     START  parsing 'lichess_elite_2014-11.pgn'
2025-05-02 23:22:43,088 INFO      DONE  'TCEC_Season_17_-_Stockfish_3pct_Vs_Cpu_L1_Test_2.pgn' — 10,159 samples in 2.24s
2025-05-02 23:22:43,088 INFO     START  parsing 'TCEC_Season_26_-_4k_Testing.pgn'
2025-05-02 23:22:45,768 INFO      DONE  'lichess_elite_2014-11.pgn' — 19,547 samples in 3.61s
2025-05-02 23:22:45,768 INFO     START  parsing 'TCEC_Season_6_-_Stage_3.pgn'
2025-05-02 23:22:46,614 INFO      DONE  'TCEC_Season_26_-_4k_Testing.pgn' — 15,634 samples in 3.53s
2025-05-02 23:22:46,614 INFO     START  parsing 'TCEC_Season_20_-_L2_Vs_Koivisto_Testing_1.pgn'
2025-05-02 23:22:46,958 INFO      DONE  'TCEC_Season_20_-_L2_Vs_Koivisto_Testing_1.pgn' — 1,598 samples in 0.34s
2025-05-02 23:22:46,958 INFO     START  parsing 'TCEC_Season_27_-_Frd_3_League_C.pgn'
2025-05-02 23:22:49,021 INFO      DONE  'TCEC_Season_27_-_Frd_3_League_C.pgn' — 8,919 samples in 2.06s
2025-05-02 23:22:49,022 INFO     START  parsing 'TCEC_Season_26_-_Runners_Up_Bonus.pgn'
2025-05-02 23:22:49,085 INFO      DONE  'TCEC_Season_6_-_Stage_3.pgn' — 15,098 samples in 3.32s
2025-05-02 23:22:49,085 INFO     START  parsing 'TCEC_Season_19_-_Frc2_League_C.pgn'
2025-05-02 23:22:49,613 INFO      DONE  'TCEC_Season_19_-_Frc2_League_C.pgn' — 2,415 samples in 0.53s
2025-05-02 23:22:49,613 INFO     START  parsing 'TCEC_Cup_14_Bronze.pgn'
2025-05-02 23:22:50,703 INFO      DONE  'TCEC_Cup_14_Bronze.pgn' — 4,873 samples in 1.09s
2025-05-02 23:22:50,704 INFO     START  parsing 'TCEC_Season_16_-_Viewer_Submitted_Openings_Bonus_9.pgn'
2025-05-02 23:22:51,828 INFO      DONE  'TCEC_Season_16_-_Viewer_Submitted_Openings_Bonus_9.pgn' — 5,113 samples in 1.12s
2025-05-02 23:22:51,829 INFO     START  parsing 'TCEC_Season_19_-_League_3.pgn'
2025-05-02 23:22:53,805 INFO      DONE  'TCEC_Season_26_-_Runners_Up_Bonus.pgn' — 18,177 samples in 4.78s
2025-05-02 23:22:53,805 INFO     START  parsing 'TCEC_Season_8_-_Stage_1b.pgn'
2025-05-02 23:22:54,066 INFO      DONE  'TCEC_Season_19_-_League_3.pgn' — 10,746 samples in 2.24s
2025-05-02 23:22:54,066 INFO     START  parsing 'TCEC_Season_17_-_Division_P.pgn'
2025-05-02 23:22:55,405 INFO      DONE  'TCEC_Season_8_-_Stage_1b.pgn' — 7,521 samples in 1.60s
2025-05-02 23:22:55,405 INFO     START  parsing 'TCEC_Season_21_-_Division_P.pgn'
2025-05-02 23:23:00,413 INFO      DONE  'TCEC_Season_17_-_Division_P.pgn' — 26,874 samples in 6.35s
2025-05-02 23:23:00,413 INFO     START  parsing 'TCEC_Season_19_-_Division_P.pgn'
2025-05-02 23:23:04,606 INFO      DONE  'TCEC_Season_21_-_Division_P.pgn' — 36,551 samples in 9.20s
2025-05-02 23:23:04,606 INFO     START  parsing 'TCEC_Season_18_-_Ql_And_L3_Testing_1.pgn'
2025-05-02 23:23:06,061 INFO      DONE  'TCEC_Season_18_-_Ql_And_L3_Testing_1.pgn' — 6,422 samples in 1.45s
2025-05-02 23:23:06,061 INFO     START  parsing 'TCEC_Season_4_-_Stage_1.pgn'
2025-05-02 23:23:07,286 INFO      DONE  'TCEC_Season_19_-_Division_P.pgn' — 30,000 samples in 6.87s
2025-05-02 23:23:07,286 INFO     START  parsing 'TCEC_Season_24_-_League_2_Igel_Gauntlet.pgn'
2025-05-02 23:23:08,446 INFO      DONE  'TCEC_Season_24_-_League_2_Igel_Gauntlet.pgn' — 5,399 samples in 1.16s
2025-05-02 23:23:08,446 INFO     START  parsing 'TCEC_Season_24_-_Dfrc_2_League_2.pgn'
2025-05-02 23:23:09,793 INFO      DONE  'TCEC_Season_4_-_Stage_1.pgn' — 16,084 samples in 3.73s
2025-05-02 23:23:09,793 INFO     START  parsing 'TCEC_Season_18_-_Book_Bonus_2.pgn'
2025-05-02 23:23:10,566 INFO      DONE  'TCEC_Season_18_-_Book_Bonus_2.pgn' — 3,374 samples in 0.77s
2025-05-02 23:23:10,566 INFO     START  parsing 'TCEC_Season_8_-_Superfinal.pgn'
2025-05-02 23:23:11,483 INFO      DONE  'TCEC_Season_24_-_Dfrc_2_League_2.pgn' — 12,772 samples in 3.04s
2025-05-02 23:23:11,484 INFO     START  parsing 'TCEC_Season_16_-_Viewer_Submitted_Openings_Bonus_5.pgn'
2025-05-02 23:23:12,953 INFO      DONE  'TCEC_Season_16_-_Viewer_Submitted_Openings_Bonus_5.pgn' — 6,783 samples in 1.47s
2025-05-02 23:23:12,954 INFO     START  parsing 'TCEC_Season_12_-_Division_3.pgn'
2025-05-02 23:23:13,318 INFO      DONE  'TCEC_Season_8_-_Superfinal.pgn' — 12,653 samples in 2.75s
2025-05-02 23:23:13,318 INFO     START  parsing 'TCEC_Season_15_-_Weak_Hardware_Simulation_2.pgn'
2025-05-02 23:23:13,435 INFO      DONE  'TCEC_Season_15_-_Weak_Hardware_Simulation_2.pgn' — 549 samples in 0.12s
2025-05-02 23:23:13,435 INFO     START  parsing 'TCEC_Season_24_-_Frc6_League_D.pgn'
2025-05-02 23:23:14,100 INFO      DONE  'TCEC_Season_24_-_Frc6_League_D.pgn' — 3,249 samples in 0.67s
2025-05-02 23:23:14,101 INFO     START  parsing 'TCEC_Season_22_-_Stockfish_Simul.pgn'
2025-05-02 23:23:15,973 INFO      DONE  'TCEC_Season_12_-_Division_3.pgn' — 14,088 samples in 3.02s
2025-05-02 23:23:15,973 INFO     START  parsing 'TCEC_Season_9_-_Superfinal.pgn'
2025-05-02 23:23:17,637 INFO      DONE  'TCEC_Season_22_-_Stockfish_Simul.pgn' — 14,804 samples in 3.54s
2025-05-02 23:23:17,638 INFO     START  parsing 'lichess_elite_2016-05.pgn'
2025-05-02 23:23:18,663 INFO      DONE  'TCEC_Season_9_-_Superfinal.pgn' — 12,741 samples in 2.69s
2025-05-02 23:23:18,663 INFO     START  parsing 'TCEC_Season_17_-_Cpu_League_1.pgn'
2025-05-02 23:23:32,015 INFO      DONE  'TCEC_Season_17_-_Cpu_League_1.pgn' — 60,931 samples in 13.35s
2025-05-02 23:23:32,015 INFO     START  parsing 'TCEC_Tournament_5.pgn'
2025-05-02 23:23:32,835 INFO      DONE  'TCEC_Tournament_5.pgn' — 3,803 samples in 0.82s
2025-05-02 23:23:32,836 INFO     START  parsing 'TCEC_Season_27_-_Division_P.pgn'
2025-05-02 23:23:41,343 INFO      DONE  'TCEC_Season_27_-_Division_P.pgn' — 35,459 samples in 8.51s
2025-05-02 23:23:41,343 INFO     START  parsing 'TCEC_Season_20_-_Frc3_League_D.pgn'
2025-05-02 23:23:42,100 INFO      DONE  'TCEC_Season_20_-_Frc3_League_D.pgn' — 3,396 samples in 0.76s
2025-05-02 23:23:42,100 INFO     START  parsing 'lichess_elite_2018-09.pgn'
2025-05-02 23:25:03,393 INFO      DONE  'lichess_elite_2019-07.pgn' — 7,309,806 samples in 1357.06s
2025-05-02 23:25:03,393 INFO     START  parsing 'TCEC_Season_15_-_Division_1.pgn'
2025-05-02 23:25:06,788 INFO      DONE  'TCEC_Season_15_-_Division_1.pgn' — 14,914 samples in 3.39s
2025-05-02 23:25:06,788 INFO     START  parsing 'TCEC_Season_16_-_Testing_Stockfishnoobbook_Vs_Sufi.pgn'
2025-05-02 23:25:07,139 INFO      DONE  'TCEC_Season_16_-_Testing_Stockfishnoobbook_Vs_Sufi.pgn' — 1,440 samples in 0.35s
2025-05-02 23:25:07,139 INFO     START  parsing 'TCEC_Season_22_-_Infrafinal_Testing.pgn'
2025-05-02 23:25:07,353 INFO      DONE  'TCEC_Season_22_-_Infrafinal_Testing.pgn' — 727 samples in 0.21s
2025-05-02 23:25:07,353 INFO     START  parsing 'TCEC_Season_23_-_Chess324_Bonus.pgn'
2025-05-02 23:25:11,331 INFO      DONE  'TCEC_Season_23_-_Chess324_Bonus.pgn' — 17,141 samples in 3.98s
2025-05-02 23:25:11,332 INFO     START  parsing 'TCEC_Season_17_-_Stockfish_3pct_Vs_Cpu_L1_Test_1.pgn'
2025-05-02 23:25:12,365 INFO      DONE  'TCEC_Season_17_-_Stockfish_3pct_Vs_Cpu_L1_Test_1.pgn' — 4,925 samples in 1.03s
2025-05-02 23:25:12,365 INFO     START  parsing 'TCEC_Season_23_-_Starting_Position_Vvltc_Bonus.pgn'
2025-05-02 23:25:12,398 INFO      DONE  'TCEC_Season_23_-_Starting_Position_Vvltc_Bonus.pgn' — 178 samples in 0.03s
2025-05-02 23:25:12,399 INFO     START  parsing 'lichess_elite_2016-06.pgn'
2025-05-02 23:26:10,246 INFO      DONE  'lichess_elite_2017-05.pgn' — 1,873,578 samples in 344.08s
2025-05-02 23:26:10,246 INFO     START  parsing 'TCEC_Season_8_-_Stage_2.pgn'
2025-05-02 23:26:15,060 INFO      DONE  'TCEC_Season_8_-_Stage_2.pgn' — 20,144 samples in 4.81s
2025-05-02 23:26:15,060 INFO     START  parsing 'TCEC_Season_20_-_Ql_L4_L3_Vs_Glaurung_Testing_1.pgn'
2025-05-02 23:26:15,542 INFO      DONE  'TCEC_Season_20_-_Ql_L4_L3_Vs_Glaurung_Testing_1.pgn' — 2,304 samples in 0.48s
2025-05-02 23:26:15,543 INFO     START  parsing 'TCEC_Season_17_-_Stockfish_1pct_Vs_L2_Test_2.pgn'
2025-05-02 23:26:15,961 INFO      DONE  'TCEC_Season_17_-_Stockfish_1pct_Vs_L2_Test_2.pgn' — 2,066 samples in 0.42s
2025-05-02 23:26:15,961 INFO     START  parsing 'TCEC_Season_19_-_Viewer_Submitted_Openings_Bonus_19.pgn'
2025-05-02 23:26:17,884 INFO      DONE  'TCEC_Season_19_-_Viewer_Submitted_Openings_Bonus_19.pgn' — 8,930 samples in 1.92s
2025-05-02 23:26:17,884 INFO     START  parsing 'TCEC_Cup_10_Round16.pgn'
2025-05-02 23:26:19,194 INFO      DONE  'TCEC_Cup_10_Round16.pgn' — 5,933 samples in 1.31s
2025-05-02 23:26:19,194 INFO     START  parsing 'TCEC_Cup_9_Round16.pgn'
2025-05-02 23:26:20,070 INFO      DONE  'TCEC_Cup_9_Round16.pgn' — 4,056 samples in 0.88s
2025-05-02 23:26:20,070 INFO     START  parsing 'TCEC_Season_20_-_Frc3_Testing_3.pgn'
2025-05-02 23:26:20,619 INFO      DONE  'TCEC_Season_20_-_Frc3_Testing_3.pgn' — 2,645 samples in 0.55s
2025-05-02 23:26:20,620 INFO     START  parsing 'TCEC_Season_9_-_Stage_3.pgn'
2025-05-02 23:26:27,804 INFO      DONE  'TCEC_Season_9_-_Stage_3.pgn' — 31,989 samples in 7.18s
2025-05-02 23:26:27,804 INFO     START  parsing 'TCEC_Season_10_-_Superfinal.pgn'
2025-05-02 23:26:31,026 INFO      DONE  'TCEC_Season_10_-_Superfinal.pgn' — 14,139 samples in 3.22s
2025-05-02 23:26:31,026 INFO     START  parsing 'TCEC_Season_14_-_Superfinal.pgn'
2025-05-02 23:26:36,560 INFO      DONE  'TCEC_Season_14_-_Superfinal.pgn' — 19,898 samples in 5.53s
2025-05-02 23:26:36,560 INFO     START  parsing 'TCEC_Season_27_-_4k_Iv_Minifinal.pgn'
2025-05-02 23:26:38,073 INFO      DONE  'TCEC_Season_27_-_4k_Iv_Minifinal.pgn' — 6,881 samples in 1.51s
2025-05-02 23:26:38,073 INFO     START  parsing 'TCEC_Cup_13_Round16.pgn'
2025-05-02 23:26:39,455 INFO      DONE  'TCEC_Cup_13_Round16.pgn' — 6,083 samples in 1.38s
2025-05-02 23:26:39,455 INFO     START  parsing 'TCEC_Season_19_-_Chat_Vs_Stockfish_Depth_2.pgn'
2025-05-02 23:26:39,514 INFO      DONE  'TCEC_Season_19_-_Chat_Vs_Stockfish_Depth_2.pgn' — 326 samples in 0.06s
2025-05-02 23:26:39,514 INFO     START  parsing 'TCEC_Season_17_-_Playoff_Chessfighter_Test_1.pgn'
2025-05-02 23:26:39,590 INFO      DONE  'TCEC_Season_17_-_Playoff_Chessfighter_Test_1.pgn' — 366 samples in 0.08s
2025-05-02 23:26:39,590 INFO     START  parsing 'TCEC_Season_15_-_Testing_2_Champions_Vs_Glaurung.pgn'
2025-05-02 23:26:40,169 INFO      DONE  'TCEC_Season_15_-_Testing_2_Champions_Vs_Glaurung.pgn' — 2,947 samples in 0.58s
2025-05-02 23:26:40,169 INFO     START  parsing 'TCEC_Season_16_-_Division_Testing_LCZero_3pct_vs_League_2.pgn'
2025-05-02 23:26:40,626 INFO      DONE  'lichess_elite_2016-11.pgn' — 2,256,902 samples in 414.27s
2025-05-02 23:26:40,626 INFO     START  parsing 'TCEC_Season_20_-_Cup_8_Testing_1.pgn'
2025-05-02 23:26:41,232 INFO      DONE  'TCEC_Season_20_-_Cup_8_Testing_1.pgn' — 2,926 samples in 0.61s
2025-05-02 23:26:41,232 INFO     START  parsing 'lichess_elite_2015-05.pgn'
2025-05-02 23:26:41,307 INFO      DONE  'TCEC_Season_16_-_Division_Testing_LCZero_3pct_vs_League_2.pgn' — 4,846 samples in 1.14s
2025-05-02 23:26:41,307 INFO     START  parsing 'lichess_elite_2018-12.pgn'
2025-05-02 23:26:49,017 INFO      DONE  'lichess_elite_2017-01.pgn' — 1,706,808 samples in 317.44s
2025-05-02 23:26:49,018 INFO     START  parsing 'TCEC_Season_14_-_Division_3.pgn'
2025-05-02 23:26:51,145 INFO      DONE  'lichess_elite_2015-05.pgn' — 53,842 samples in 9.91s
2025-05-02 23:26:51,145 INFO     START  parsing 'TCEC_Season_26_-_Frd_2_League_B.pgn'
2025-05-02 23:26:52,566 INFO      DONE  'TCEC_Season_14_-_Division_3.pgn' — 15,438 samples in 3.55s
2025-05-02 23:26:52,567 INFO     START  parsing 'TCEC_Season_26_-_Numa_Testing.pgn'
2025-05-02 23:26:52,971 INFO      DONE  'TCEC_Season_26_-_Frd_2_League_B.pgn' — 8,281 samples in 1.83s
2025-05-02 23:26:52,971 INFO     START  parsing 'TCEC_Season_22_-_Ql_L4_L3_Testing.pgn'
2025-05-02 23:26:56,786 INFO      DONE  'TCEC_Season_26_-_Numa_Testing.pgn' — 17,202 samples in 4.22s
2025-05-02 23:26:56,786 INFO     START  parsing 'lichess_elite_2018-07.pgn'
2025-05-02 23:27:02,748 INFO      DONE  'TCEC_Season_22_-_Ql_L4_L3_Testing.pgn' — 43,179 samples in 9.78s
2025-05-02 23:27:02,748 INFO     START  parsing 'TCEC_Season_24_-_Dfrc_2_Final.pgn'
2025-05-02 23:27:04,367 INFO      DONE  'TCEC_Season_24_-_Dfrc_2_Final.pgn' — 7,123 samples in 1.62s
2025-05-02 23:27:04,367 INFO     START  parsing 'TCEC_Season_22_-_Frc5_League_C.pgn'
2025-05-02 23:27:05,480 INFO      DONE  'TCEC_Season_22_-_Frc5_League_C.pgn' — 4,627 samples in 1.11s
2025-05-02 23:27:05,480 INFO     START  parsing 'TCEC_Cup_6_Test.pgn'
2025-05-02 23:27:06,547 INFO      DONE  'TCEC_Cup_6_Test.pgn' — 4,889 samples in 1.07s
2025-05-02 23:27:06,548 INFO     START  parsing 'TCEC_Season_25_-_Frd_1_Testing.pgn'
2025-05-02 23:27:08,012 INFO      DONE  'TCEC_Season_25_-_Frd_1_Testing.pgn' — 7,024 samples in 1.46s
2025-05-02 23:27:08,012 INFO     START  parsing 'TCEC_Season_22_-_Grob_10x_Odds.pgn'
2025-05-02 23:27:08,029 INFO      DONE  'TCEC_Season_22_-_Grob_10x_Odds.pgn' — 88 samples in 0.02s
2025-05-02 23:27:08,029 INFO     START  parsing 'TCEC_Cup_7_Semifinal.pgn'
2025-05-02 23:27:08,350 INFO      DONE  'TCEC_Cup_7_Semifinal.pgn' — 1,477 samples in 0.32s
2025-05-02 23:27:08,350 INFO     START  parsing 'lichess_elite_2020-01.pgn'
2025-05-02 23:30:01,745 INFO      DONE  'lichess_elite_2016-05.pgn' — 2,213,354 samples in 404.11s
2025-05-02 23:30:01,745 INFO     START  parsing 'TCEC_Season_17_-_Testing_3_Ql_Minic.pgn'
2025-05-02 23:30:02,022 INFO      DONE  'TCEC_Season_17_-_Testing_3_Ql_Minic.pgn' — 1,220 samples in 0.28s
2025-05-02 23:30:02,022 INFO     START  parsing 'TCEC_Season_1_-_Division_2.pgn'
2025-05-02 23:30:03,804 INFO      DONE  'TCEC_Season_1_-_Division_2.pgn' — 7,896 samples in 1.78s
2025-05-02 23:30:03,804 INFO     START  parsing 'TCEC_Cup_4_Bronze.pgn'
2025-05-02 23:30:04,201 INFO      DONE  'TCEC_Cup_4_Bronze.pgn' — 1,428 samples in 0.40s
2025-05-02 23:30:04,201 INFO     START  parsing 'TCEC_Season_24_-_Cup_11_Testing.pgn'
2025-05-02 23:30:07,631 INFO      DONE  'TCEC_Season_24_-_Cup_11_Testing.pgn' — 15,597 samples in 3.43s
2025-05-02 23:30:07,632 INFO     START  parsing 'TCEC_Season_24_-_Frc6_League_A.pgn'
2025-05-02 23:30:08,426 INFO      DONE  'TCEC_Season_24_-_Frc6_League_A.pgn' — 3,632 samples in 0.79s
2025-05-02 23:30:08,426 INFO     START  parsing 'TCEC_Season_23_-_Noomen_Extra_2_Testing.pgn'
2025-05-02 23:30:10,614 INFO      DONE  'TCEC_Season_23_-_Noomen_Extra_2_Testing.pgn' — 9,910 samples in 2.19s
2025-05-02 23:30:10,614 INFO     START  parsing 'TCEC_Season_16_-_Viewer_Submitted_Openings_Bonus_7.pgn'
2025-05-02 23:30:12,097 INFO      DONE  'TCEC_Season_16_-_Viewer_Submitted_Openings_Bonus_7.pgn' — 6,834 samples in 1.48s
2025-05-02 23:30:12,098 INFO     START  parsing 'TCEC_Season_16_-_League_1.pgn'
2025-05-02 23:30:19,320 INFO      DONE  'TCEC_Season_16_-_League_1.pgn' — 31,990 samples in 7.22s
2025-05-02 23:30:19,320 INFO     START  parsing 'TCEC_Season_24_-_Frc6_Semileague_1.pgn'
2025-05-02 23:30:19,949 INFO      DONE  'TCEC_Season_24_-_Frc6_Semileague_1.pgn' — 2,973 samples in 0.63s
2025-05-02 23:30:19,949 INFO     START  parsing 'TCEC_Season_24_-_Frc6_Final_League.pgn'
2025-05-02 23:30:21,427 INFO      DONE  'TCEC_Season_24_-_Frc6_Final_League.pgn' — 6,595 samples in 1.48s
2025-05-02 23:30:21,428 INFO     START  parsing 'TCEC_Season_27_-_Frd_3_Semileague_2.pgn'
2025-05-02 23:30:23,378 INFO      DONE  'TCEC_Season_27_-_Frd_3_Semileague_2.pgn' — 8,562 samples in 1.95s
2025-05-02 23:30:23,378 INFO     START  parsing 'TCEC_Season_21_-_Sufi_Bonus_Part2.pgn'
2025-05-02 23:30:24,944 INFO      DONE  'TCEC_Season_21_-_Sufi_Bonus_Part2.pgn' — 6,513 samples in 1.57s
2025-05-02 23:30:24,944 INFO     START  parsing 'TCEC_Season_25_-_Superfinal.pgn'
2025-05-02 23:30:29,177 INFO      DONE  'TCEC_Season_25_-_Superfinal.pgn' — 16,648 samples in 4.23s
2025-05-02 23:30:29,177 INFO     START  parsing 'TCEC_Season_3_-_Stage_1.pgn'
2025-05-02 23:30:33,064 INFO      DONE  'TCEC_Season_3_-_Stage_1.pgn' — 16,657 samples in 3.89s
2025-05-02 23:30:33,064 INFO     START  parsing 'TCEC_Season_21_-_League_2.pgn'
2025-05-02 23:30:36,712 INFO      DONE  'TCEC_Season_21_-_League_2.pgn' — 17,237 samples in 3.65s
2025-05-02 23:30:36,712 INFO     START  parsing 'lichess_elite_2015-04.pgn'
2025-05-02 23:30:45,741 INFO      DONE  'lichess_elite_2015-04.pgn' — 48,847 samples in 9.03s
2025-05-02 23:30:45,741 INFO     START  parsing 'lichess_elite_2014-03.pgn'
2025-05-02 23:30:45,826 INFO      DONE  'lichess_elite_2014-03.pgn' — 457 samples in 0.08s
2025-05-02 23:30:45,826 INFO     START  parsing 'TCEC_Season_19_-_Frc2_League_B.pgn'
2025-05-02 23:30:46,434 INFO      DONE  'TCEC_Season_19_-_Frc2_League_B.pgn' — 2,921 samples in 0.61s
2025-05-02 23:30:46,434 INFO     START  parsing 'TCEC_Season_21_-_Search_Vs_Eval.pgn'
2025-05-02 23:30:46,939 INFO      DONE  'TCEC_Season_21_-_Search_Vs_Eval.pgn' — 2,552 samples in 0.50s
2025-05-02 23:30:46,939 INFO     START  parsing 'TCEC_Season_26_-_Swiss_6_Testing.pgn'
2025-05-02 23:30:56,811 INFO      DONE  'TCEC_Season_26_-_Swiss_6_Testing.pgn' — 43,428 samples in 9.87s
2025-05-02 23:30:56,811 INFO     START  parsing 'TCEC_Season_20_-_L1_Vs_Stoofvlees_Testing_2.pgn'
2025-05-02 23:30:57,025 INFO      DONE  'TCEC_Season_20_-_L1_Vs_Stoofvlees_Testing_2.pgn' — 1,016 samples in 0.21s
2025-05-02 23:30:57,025 INFO     START  parsing 'TCEC_Season_21_-_Superfinal.pgn'
2025-05-02 23:31:00,553 INFO      DONE  'TCEC_Season_21_-_Superfinal.pgn' — 14,755 samples in 3.53s
2025-05-02 23:31:00,553 INFO     START  parsing 'TCEC_Season_20_-_Swiss_Test_4.pgn'
2025-05-02 23:31:03,084 INFO      DONE  'TCEC_Season_20_-_Swiss_Test_4.pgn' — 11,513 samples in 2.53s
2025-05-02 23:31:03,084 INFO     START  parsing 'TCEC_Season_24_-_Frc6_Final.pgn'
2025-05-02 23:31:04,869 INFO      DONE  'TCEC_Season_24_-_Frc6_Final.pgn' — 7,623 samples in 1.78s
2025-05-02 23:31:04,869 INFO     START  parsing 'TCEC_Season_1_-_Division_3.pgn'
2025-05-02 23:31:06,868 INFO      DONE  'TCEC_Season_1_-_Division_3.pgn' — 8,275 samples in 2.00s
2025-05-02 23:31:06,869 INFO     START  parsing 'TCEC_Season_16_-_Division_P.pgn'
2025-05-02 23:31:13,944 INFO      DONE  'TCEC_Season_16_-_Division_P.pgn' — 28,042 samples in 7.08s
2025-05-02 23:31:13,944 INFO     START  parsing 'TCEC_Season_20_-_L2_Vs_Komodo_10_Ccrl_Testing_5.pgn'
2025-05-02 23:31:14,611 INFO      DONE  'TCEC_Season_20_-_L2_Vs_Komodo_10_Ccrl_Testing_5.pgn' — 2,831 samples in 0.67s
2025-05-02 23:31:14,611 INFO     START  parsing 'TCEC_Season_19_-_Sufi_Bonus_1.pgn'
2025-05-02 23:31:17,779 INFO      DONE  'TCEC_Season_19_-_Sufi_Bonus_1.pgn' — 13,897 samples in 3.17s
2025-05-02 23:31:17,779 INFO     START  parsing 'TCEC_Cup_1_Round32_1.pgn'
2025-05-02 23:31:20,753 INFO      DONE  'TCEC_Cup_1_Round32_1.pgn' — 13,444 samples in 2.97s
2025-05-02 23:31:20,753 INFO     START  parsing 'TCEC_Match_5.pgn'
2025-05-02 23:31:21,785 INFO      DONE  'TCEC_Match_5.pgn' — 4,534 samples in 1.03s
2025-05-02 23:31:21,785 INFO     START  parsing 'TCEC_Season_15_-_Division_4a.pgn'
2025-05-02 23:31:24,335 INFO      DONE  'TCEC_Season_15_-_Division_4a.pgn' — 11,684 samples in 2.55s
2025-05-02 23:31:24,335 INFO     START  parsing 'lichess_elite_2015-09.pgn'
2025-05-02 23:31:49,970 INFO      DONE  'lichess_elite_2015-09.pgn' — 137,814 samples in 25.63s
2025-05-02 23:31:49,970 INFO     START  parsing 'TCEC_Season_21_-_Lczerocpu_Vs_Divp.pgn'
2025-05-02 23:31:52,132 INFO      DONE  'TCEC_Season_21_-_Lczerocpu_Vs_Divp.pgn' — 9,005 samples in 2.16s
2025-05-02 23:31:52,132 INFO     START  parsing 'TCEC_Season_19_-_This_Is_Not_A_Sufi_Bonus.pgn'
2025-05-02 23:31:54,703 INFO      DONE  'TCEC_Season_19_-_This_Is_Not_A_Sufi_Bonus.pgn' — 10,569 samples in 2.57s
2025-05-02 23:31:54,704 INFO     START  parsing 'TCEC_Season_23_-_Viewer_Submitted_Openings_Bonus_22.pgn'
2025-05-02 23:31:58,684 INFO      DONE  'TCEC_Season_23_-_Viewer_Submitted_Openings_Bonus_22.pgn' — 17,304 samples in 3.98s
2025-05-02 23:31:58,685 INFO     START  parsing 'TCEC_Season_11_-_Division_4.pgn'
2025-05-02 23:32:00,316 INFO      DONE  'TCEC_Season_11_-_Division_4.pgn' — 7,276 samples in 1.63s
2025-05-02 23:32:00,316 INFO     START  parsing 'TCEC_Season_26_-_Tiebreak_Type_Test_Bonus_2.pgn'
2025-05-02 23:32:03,115 INFO      DONE  'TCEC_Season_26_-_Tiebreak_Type_Test_Bonus_2.pgn' — 12,207 samples in 2.80s
2025-05-02 23:32:03,115 INFO     START  parsing 'TCEC_Season_Bonus_-_Division_S16_NN_test.pgn'
2025-05-02 23:32:09,256 INFO      DONE  'TCEC_Season_Bonus_-_Division_S16_NN_test.pgn' — 27,259 samples in 6.14s
2025-05-02 23:32:09,257 INFO     START  parsing 'lichess_elite_2017-08.pgn'
2025-05-02 23:32:43,334 INFO      DONE  'lichess_elite_2016-06.pgn' — 2,459,212 samples in 450.94s
2025-05-02 23:32:43,335 INFO     START  parsing 'TCEC_Season_17_-_Stockfish_1pct_Vs_L2_Test_4.pgn'
2025-05-02 23:32:43,417 INFO      DONE  'TCEC_Season_17_-_Stockfish_1pct_Vs_L2_Test_4.pgn' — 366 samples in 0.08s
2025-05-02 23:32:43,417 INFO     START  parsing 'TCEC_Season_25_-_Sufi_Testing.pgn'
2025-05-02 23:32:44,333 INFO      DONE  'TCEC_Season_25_-_Sufi_Testing.pgn' — 3,873 samples in 0.92s
2025-05-02 23:32:44,333 INFO     START  parsing 'TCEC_Season_27_-_Frd_3_Final.pgn'
2025-05-02 23:32:45,835 INFO      DONE  'TCEC_Season_27_-_Frd_3_Final.pgn' — 6,934 samples in 1.50s
2025-05-02 23:32:45,835 INFO     START  parsing 'TCEC_Season_24_-_4k_2.pgn'
2025-05-02 23:32:49,619 INFO      DONE  'TCEC_Season_24_-_4k_2.pgn' — 18,649 samples in 3.78s
2025-05-02 23:32:49,619 INFO     START  parsing 'TCEC_Cup_6_Quarterfinal.pgn'
2025-05-02 23:32:50,460 INFO      DONE  'TCEC_Cup_6_Quarterfinal.pgn' — 3,625 samples in 0.84s
2025-05-02 23:32:50,460 INFO     START  parsing 'TCEC_Season_24_-_Frc_6_Dfrc_2_Testing.pgn'
2025-05-02 23:32:53,092 INFO      DONE  'TCEC_Season_24_-_Frc_6_Dfrc_2_Testing.pgn' — 12,667 samples in 2.63s
2025-05-02 23:32:53,092 INFO     START  parsing 'TCEC_Season_20_-_Frc3_League_C.pgn'
2025-05-02 23:32:53,910 INFO      DONE  'TCEC_Season_20_-_Frc3_League_C.pgn' — 3,417 samples in 0.82s
2025-05-02 23:32:53,910 INFO     START  parsing 'TCEC_Season_21_-_Divp_Testing.pgn'
2025-05-02 23:32:54,751 INFO      DONE  'TCEC_Season_21_-_Divp_Testing.pgn' — 3,855 samples in 0.84s
2025-05-02 23:32:54,752 INFO     START  parsing 'TCEC_Season_26_-_Tiebreak_Type_Test_Bonus_1.pgn'
2025-05-02 23:32:56,705 INFO      DONE  'TCEC_Season_26_-_Tiebreak_Type_Test_Bonus_1.pgn' — 9,767 samples in 1.95s
2025-05-02 23:32:56,705 INFO     START  parsing 'TCEC_Season_17_-_Vsob17_Stockfish_0.3pct_Vs_Ql_Test.pgn'
2025-05-02 23:32:57,802 INFO      DONE  'TCEC_Season_17_-_Vsob17_Stockfish_0.3pct_Vs_Ql_Test.pgn' — 4,710 samples in 1.10s
2025-05-02 23:32:57,802 INFO     START  parsing 'TCEC_Season_18_-_Lczerocpu_Filler_Bonus.pgn'
2025-05-02 23:32:58,153 INFO      DONE  'TCEC_Season_18_-_Lczerocpu_Filler_Bonus.pgn' — 1,493 samples in 0.35s
2025-05-02 23:32:58,153 INFO     START  parsing 'TCEC_Season_20_-_Frc3_Final.pgn'
2025-05-02 23:32:59,218 INFO      DONE  'TCEC_Season_20_-_Frc3_Final.pgn' — 5,233 samples in 1.06s
2025-05-02 23:32:59,218 INFO     START  parsing 'TCEC_Season_26_-_Chess18_Kibitzer_Bonus.pgn'
2025-05-02 23:33:00,606 INFO      DONE  'TCEC_Season_26_-_Chess18_Kibitzer_Bonus.pgn' — 6,164 samples in 1.39s
2025-05-02 23:33:00,607 INFO     START  parsing 'TCEC_Season_22_-_Dfrc_Unbust_Bonus.pgn'
2025-05-02 23:33:00,828 INFO      DONE  'TCEC_Season_22_-_Dfrc_Unbust_Bonus.pgn' — 1,122 samples in 0.22s
2025-05-02 23:33:00,829 INFO     START  parsing 'TCEC_Season_9_-_Stage_1b.pgn'
2025-05-02 23:33:04,236 INFO      DONE  'TCEC_Season_9_-_Stage_1b.pgn' — 15,335 samples in 3.41s
2025-05-02 23:33:04,236 INFO     START  parsing 'TCEC_Season_Bonus_-_Division_S15_Div4_Glaurung_gauntlet.pgn'
2025-05-02 23:33:07,363 INFO      DONE  'TCEC_Season_Bonus_-_Division_S15_Div4_Glaurung_gauntlet.pgn' — 14,480 samples in 3.13s
2025-05-02 23:33:07,363 INFO     START  parsing 'lichess_elite_2018-11.pgn'
2025-05-02 23:33:47,792 INFO      DONE  'lichess_elite_2018-09.pgn' — 3,283,669 samples in 605.69s
2025-05-02 23:33:47,792 INFO     START  parsing 'lichess_elite_2020-04.pgn'
2025-05-02 23:36:03,508 INFO      DONE  'lichess_elite_2018-07.pgn' — 2,954,305 samples in 546.72s
2025-05-02 23:36:03,508 INFO     START  parsing 'TCEC_Season_22_-_Frc5_League_A.pgn'
2025-05-02 23:36:04,554 INFO      DONE  'TCEC_Season_22_-_Frc5_League_A.pgn' — 5,074 samples in 1.05s
2025-05-02 23:36:04,555 INFO     START  parsing 'TCEC_Season_18_-_Division_P.pgn'
2025-05-02 23:36:09,895 INFO      DONE  'TCEC_Season_18_-_Division_P.pgn' — 23,085 samples in 5.34s
2025-05-02 23:36:09,896 INFO     START  parsing 'TCEC_Cup_9_Quarterfinal.pgn'
2025-05-02 23:36:11,007 INFO      DONE  'TCEC_Cup_9_Quarterfinal.pgn' — 5,217 samples in 1.11s
2025-05-02 23:36:11,007 INFO     START  parsing 'TCEC_Season_21_-_Frc4_Semileague_1.pgn'
2025-05-02 23:36:12,052 INFO      DONE  'TCEC_Season_21_-_Frc4_Semileague_1.pgn' — 4,704 samples in 1.05s
2025-05-02 23:36:12,053 INFO     START  parsing 'TCEC_Season_27_-_Frd_3_League_A.pgn'
2025-05-02 23:36:14,336 INFO      DONE  'TCEC_Season_27_-_Frd_3_League_A.pgn' — 9,157 samples in 2.28s
2025-05-02 23:36:14,336 INFO     START  parsing 'TCEC_Season_22_-_Divp_Testing.pgn'
2025-05-02 23:36:15,750 INFO      DONE  'TCEC_Season_22_-_Divp_Testing.pgn' — 6,271 samples in 1.41s
2025-05-02 23:36:15,750 INFO     START  parsing 'TCEC_Season_18_-_Ql_And_L3_Testing_2.pgn'
2025-05-02 23:36:16,483 INFO      DONE  'TCEC_Season_18_-_Ql_And_L3_Testing_2.pgn' — 3,173 samples in 0.73s
2025-05-02 23:36:16,483 INFO     START  parsing 'TCEC_Season_24_-_Swiss_4.pgn'
2025-05-02 23:36:31,680 INFO      DONE  'TCEC_Season_24_-_Swiss_4.pgn' — 66,315 samples in 15.20s
2025-05-02 23:36:31,681 INFO     START  parsing 'TCEC_Season_24_-_Vvltc_Bonus.pgn'
2025-05-02 23:36:32,051 INFO      DONE  'TCEC_Season_24_-_Vvltc_Bonus.pgn' — 1,720 samples in 0.37s
2025-05-02 23:36:32,051 INFO     START  parsing 'TCEC_Season_24_-_Viewer_Submitted_Openings_Bonus_23.pgn'
2025-05-02 23:36:36,983 INFO      DONE  'TCEC_Season_24_-_Viewer_Submitted_Openings_Bonus_23.pgn' — 21,538 samples in 4.93s
2025-05-02 23:36:36,983 INFO     START  parsing 'TCEC_Season_17_-_Stockfish_10pct_Vs_Divp_Test_3.pgn'
2025-05-02 23:36:37,066 INFO      DONE  'TCEC_Season_17_-_Stockfish_10pct_Vs_Divp_Test_3.pgn' — 357 samples in 0.08s
2025-05-02 23:36:37,066 INFO     START  parsing 'TCEC_Cup_14_Semifinal.pgn'
2025-05-02 23:36:37,970 INFO      DONE  'TCEC_Cup_14_Semifinal.pgn' — 3,611 samples in 0.90s
2025-05-02 23:36:37,971 INFO     START  parsing 'TCEC_Season_24_-_Contemptla_Vs_Stockfishclassical_Kibitzer_Bonus.pgn'
2025-05-02 23:36:39,128 INFO      DONE  'TCEC_Season_24_-_Contemptla_Vs_Stockfishclassical_Kibitzer_Bonus.pgn' — 5,015 samples in 1.16s
2025-05-02 23:36:39,128 INFO     START  parsing 'TCEC_Season_19_-_Qualification_League.pgn'
2025-05-02 23:36:43,308 INFO      DONE  'TCEC_Season_19_-_Qualification_League.pgn' — 18,299 samples in 4.18s
2025-05-02 23:36:43,309 INFO     START  parsing 'TCEC_Season_26_-_Viewer_Submitted_Openings_Bonus_26.pgn'
2025-05-02 23:36:59,720 INFO      DONE  'TCEC_Season_26_-_Viewer_Submitted_Openings_Bonus_26.pgn' — 71,909 samples in 16.41s
2025-05-02 23:36:59,720 INFO     START  parsing 'TCEC_Season_4_-_Stage_3.pgn'
2025-05-02 23:37:01,127 INFO      DONE  'TCEC_Season_4_-_Stage_3.pgn' — 6,388 samples in 1.41s
2025-05-02 23:37:01,127 INFO     START  parsing 'TCEC_Cup_9_Final.pgn'
2025-05-02 23:37:01,233 INFO      DONE  'TCEC_Cup_9_Final.pgn' — 510 samples in 0.11s
2025-05-02 23:37:01,233 INFO     START  parsing 'lichess_elite_2016-08.pgn'
2025-05-02 23:38:35,389 INFO      DONE  'lichess_elite_2017-08.pgn' — 2,063,203 samples in 386.13s
2025-05-02 23:38:35,389 INFO     START  parsing 'TCEC_Season_17_-_Playoff_For_Divp.pgn'
2025-05-02 23:38:37,476 INFO      DONE  'TCEC_Season_17_-_Playoff_For_Divp.pgn' — 8,970 samples in 2.09s
2025-05-02 23:38:37,477 INFO     START  parsing 'TCEC_Cup_12_Round16.pgn'
2025-05-02 23:38:39,169 INFO      DONE  'TCEC_Cup_12_Round16.pgn' — 7,369 samples in 1.69s
2025-05-02 23:38:39,169 INFO     START  parsing 'TCEC_Season_27_-_Divp_Testing.pgn'
2025-05-02 23:38:40,242 INFO      DONE  'TCEC_Season_27_-_Divp_Testing.pgn' — 4,750 samples in 1.07s
2025-05-02 23:38:40,242 INFO     START  parsing 'TCEC_Season_19_-_Frc2_League_D.pgn'
2025-05-02 23:38:40,891 INFO      DONE  'TCEC_Season_19_-_Frc2_League_D.pgn' — 2,905 samples in 0.65s
2025-05-02 23:38:40,891 INFO     START  parsing 'TCEC_Season_18_-_This_Is_Not_A_Sufi_Bonus.pgn'
2025-05-02 23:38:42,514 INFO      DONE  'TCEC_Season_18_-_This_Is_Not_A_Sufi_Bonus.pgn' — 6,628 samples in 1.62s
2025-05-02 23:38:42,514 INFO     START  parsing 'TCEC_Tournament_2.pgn'
2025-05-02 23:38:43,179 INFO      DONE  'TCEC_Tournament_2.pgn' — 3,106 samples in 0.66s
2025-05-02 23:38:43,179 INFO     START  parsing 'TCEC_Season_16_-_Division_Testing_Lczero_1pct_Vs_Qualification1.pgn'
2025-05-02 23:38:44,220 INFO      DONE  'TCEC_Season_16_-_Division_Testing_Lczero_1pct_Vs_Qualification1.pgn' — 4,703 samples in 1.04s
2025-05-02 23:38:44,220 INFO     START  parsing 'TCEC_Season_14_-_Division_P.pgn'
2025-05-02 23:38:50,265 INFO      DONE  'TCEC_Season_14_-_Division_P.pgn' — 25,078 samples in 6.04s
2025-05-02 23:38:50,265 INFO     START  parsing 'TCEC_Season_25_-_L2_Testing.pgn'
2025-05-02 23:38:50,410 INFO      DONE  'lichess_elite_2018-12.pgn' — 3,936,357 samples in 729.10s
2025-05-02 23:38:50,411 INFO     START  parsing 'lichess_elite_2013-11.pgn'
2025-05-02 23:38:50,488 INFO      DONE  'lichess_elite_2013-11.pgn' — 409 samples in 0.08s
2025-05-02 23:38:50,488 INFO     START  parsing 'TCEC_Season_20_-_Frc3_League_B.pgn'
2025-05-02 23:38:50,630 INFO      DONE  'TCEC_Season_25_-_L2_Testing.pgn' — 1,730 samples in 0.37s
2025-05-02 23:38:50,630 INFO     START  parsing 'lichess_elite_2014-06.pgn'
2025-05-02 23:38:51,171 INFO      DONE  'TCEC_Season_20_-_Frc3_League_B.pgn' — 3,194 samples in 0.68s
2025-05-02 23:38:51,171 INFO     START  parsing 'TCEC_Season_16_-_Bonus_Cpu_Superfinal.pgn'
2025-05-02 23:38:53,192 INFO      DONE  'lichess_elite_2014-06.pgn' — 13,136 samples in 2.56s
2025-05-02 23:38:53,192 INFO     START  parsing 'TCEC_Cup_2_Final_6.pgn'
2025-05-02 23:38:53,544 INFO      DONE  'TCEC_Cup_2_Final_6.pgn' — 1,453 samples in 0.35s
2025-05-02 23:38:53,544 INFO     START  parsing 'TCEC_Season_23_-_Frc_Human_Openings_Bonus.pgn'
2025-05-02 23:38:54,336 INFO      DONE  'TCEC_Season_16_-_Bonus_Cpu_Superfinal.pgn' — 13,873 samples in 3.17s
2025-05-02 23:38:54,336 INFO     START  parsing 'TCEC_Cup_13_Round32.pgn'
2025-05-02 23:38:54,587 INFO      DONE  'TCEC_Season_23_-_Frc_Human_Openings_Bonus.pgn' — 5,055 samples in 1.04s
2025-05-02 23:38:54,587 INFO     START  parsing 'TCEC_Cup_8_Round16.pgn'
2025-05-02 23:38:56,021 INFO      DONE  'TCEC_Cup_8_Round16.pgn' — 5,932 samples in 1.43s
2025-05-02 23:38:56,021 INFO     START  parsing 'TCEC_Season_10_-_Stage_1.pgn'
2025-05-02 23:38:58,683 INFO      DONE  'TCEC_Cup_13_Round32.pgn' — 17,611 samples in 4.35s
2025-05-02 23:38:58,683 INFO     START  parsing 'lichess_elite_2014-10.pgn'
2025-05-02 23:39:03,818 INFO      DONE  'TCEC_Season_10_-_Stage_1.pgn' — 34,760 samples in 7.80s
2025-05-02 23:39:03,818 INFO     START  parsing 'lichess_elite_2017-04.pgn'
2025-05-02 23:39:05,453 INFO      DONE  'lichess_elite_2014-10.pgn' — 36,945 samples in 6.77s
2025-05-02 23:39:05,453 INFO     START  parsing 'TCEC_Season_27_-_League_1.pgn'
2025-05-02 23:39:14,335 INFO      DONE  'TCEC_Season_27_-_League_1.pgn' — 38,872 samples in 8.88s
2025-05-02 23:39:14,335 INFO     START  parsing 'TCEC_Season_25_-_Swiss_5.pgn'
2025-05-02 23:39:29,848 INFO      DONE  'TCEC_Season_25_-_Swiss_5.pgn' — 68,290 samples in 15.51s
2025-05-02 23:39:29,849 INFO     START  parsing 'TCEC_Cup_6_Bronze.pgn'
2025-05-02 23:39:29,911 INFO      DONE  'TCEC_Cup_6_Bronze.pgn' — 324 samples in 0.06s
2025-05-02 23:39:29,912 INFO     START  parsing 'lichess_elite_2020-03.pgn'
2025-05-02 23:43:23,192 INFO      DONE  'lichess_elite_2016-08.pgn' — 2,082,935 samples in 381.96s
2025-05-02 23:43:23,192 INFO     START  parsing 'lichess_elite_2015-02.pgn'
2025-05-02 23:43:35,741 INFO      DONE  'lichess_elite_2015-02.pgn' — 67,422 samples in 12.55s
2025-05-02 23:43:35,741 INFO     START  parsing 'TCEC_Cup_4_Round16.pgn'
2025-05-02 23:43:37,707 INFO      DONE  'TCEC_Cup_4_Round16.pgn' — 9,097 samples in 1.97s
2025-05-02 23:43:37,707 INFO     START  parsing 'TCEC_Season_20_-_Swiss_Test_2.pgn'
2025-05-02 23:43:40,647 INFO      DONE  'TCEC_Season_20_-_Swiss_Test_2.pgn' — 13,961 samples in 2.94s
2025-05-02 23:43:40,647 INFO     START  parsing 'TCEC_Season_26_-_Divp_Testing.pgn'
2025-05-02 23:43:41,209 INFO      DONE  'TCEC_Season_26_-_Divp_Testing.pgn' — 2,334 samples in 0.56s
2025-05-02 23:43:41,210 INFO     START  parsing 'TCEC_Season_6_-_Stage_4.pgn'
2025-05-02 23:43:44,487 INFO      DONE  'TCEC_Season_6_-_Stage_4.pgn' — 14,316 samples in 3.28s
2025-05-02 23:43:44,487 INFO     START  parsing 'TCEC_Cup_11_Bronze.pgn'
2025-05-02 23:43:44,945 INFO      DONE  'TCEC_Cup_11_Bronze.pgn' — 2,063 samples in 0.46s
2025-05-02 23:43:44,945 INFO     START  parsing 'TCEC_Season_19_-_L2_And_L1_Vs_Stockfish_Nnue_Testing_1.pgn'
2025-05-02 23:43:45,821 INFO      DONE  'TCEC_Season_19_-_L2_And_L1_Vs_Stockfish_Nnue_Testing_1.pgn' — 4,113 samples in 0.88s
2025-05-02 23:43:45,821 INFO     START  parsing 'TCEC_Season_19_-_Stockfish_11_Ccrl_Vs_Top4_Calibration.pgn'
2025-05-02 23:43:46,730 INFO      DONE  'TCEC_Season_19_-_Stockfish_11_Ccrl_Vs_Top4_Calibration.pgn' — 3,992 samples in 0.91s
2025-05-02 23:43:46,730 INFO     START  parsing 'lichess_elite_2015-10.pgn'
2025-05-02 23:44:00,917 INFO      DONE  'lichess_elite_2017-04.pgn' — 1,592,891 samples in 297.10s
2025-05-02 23:44:00,918 INFO     START  parsing 'TCEC_Season_6_-_Stage_2.pgn'
2025-05-02 23:44:05,496 INFO      DONE  'TCEC_Season_6_-_Stage_2.pgn' — 19,156 samples in 4.58s
2025-05-02 23:44:05,497 INFO     START  parsing 'TCEC_Season_17_-_Stockfish_10pct_Vs_Divp_Test_4.pgn'
2025-05-02 23:44:05,644 INFO      DONE  'TCEC_Season_17_-_Stockfish_10pct_Vs_Divp_Test_4.pgn' — 627 samples in 0.15s
2025-05-02 23:44:05,645 INFO     START  parsing 'TCEC_Season_25_-_Division_P.pgn'
2025-05-02 23:44:09,236 INFO      DONE  'lichess_elite_2015-10.pgn' — 122,858 samples in 22.51s
2025-05-02 23:44:09,236 INFO     START  parsing 'TCEC_Season_20_-_League_3.pgn'
2025-05-02 23:44:11,906 INFO      DONE  'TCEC_Season_20_-_League_3.pgn' — 12,182 samples in 2.67s
2025-05-02 23:44:11,906 INFO     START  parsing 'lichess_elite_2015-07.pgn'
2025-05-02 23:44:17,568 INFO      DONE  'TCEC_Season_25_-_Division_P.pgn' — 50,512 samples in 11.92s
2025-05-02 23:44:17,568 INFO     START  parsing 'TCEC_Cup_7_Final.pgn'
2025-05-02 23:44:17,679 INFO      DONE  'TCEC_Cup_7_Final.pgn' — 533 samples in 0.11s
2025-05-02 23:44:17,680 INFO     START  parsing 'TCEC_Season_21_-_Swiss_2_Testing.pgn'
2025-05-02 23:44:17,935 INFO      DONE  'lichess_elite_2018-11.pgn' — 3,602,979 samples in 670.57s
2025-05-02 23:44:17,935 INFO     START  parsing 'TCEC_Season_16_-_Glaurung_Cup_4_Test.pgn'
2025-05-02 23:44:18,685 INFO      DONE  'lichess_elite_2015-07.pgn' — 37,282 samples in 6.78s
2025-05-02 23:44:18,685 INFO     START  parsing 'TCEC_Season_14_-_End_of_Season_Bonus.pgn'
2025-05-02 23:44:18,696 INFO      DONE  'TCEC_Season_16_-_Glaurung_Cup_4_Test.pgn' — 3,602 samples in 0.76s
2025-05-02 23:44:18,696 INFO     START  parsing 'TCEC_Season_26_-_Frd_2_Semileague_1.pgn'
2025-05-02 23:44:20,515 INFO      DONE  'TCEC_Season_26_-_Frd_2_Semileague_1.pgn' — 8,067 samples in 1.82s
2025-05-02 23:44:20,515 INFO     START  parsing 'TCEC_Season_22_-_League_2.pgn'
2025-05-02 23:44:22,127 INFO      DONE  'TCEC_Season_21_-_Swiss_2_Testing.pgn' — 19,724 samples in 4.45s
2025-05-02 23:44:22,127 INFO     START  parsing 'TCEC_Season_27_-_Swiss_7.pgn'
2025-05-02 23:44:24,821 INFO      DONE  'TCEC_Season_22_-_League_2.pgn' — 17,678 samples in 4.31s
2025-05-02 23:44:24,821 INFO     START  parsing 'TCEC_Season_22_-_Stockfish_15_Ccrl_Calibration.pgn'
2025-05-02 23:44:24,902 INFO      DONE  'TCEC_Season_22_-_Stockfish_15_Ccrl_Calibration.pgn' — 340 samples in 0.08s
2025-05-02 23:44:24,903 INFO     START  parsing 'TCEC_Season_18_-_Weiss_Testing_3.pgn'
2025-05-02 23:44:25,754 INFO      DONE  'TCEC_Season_18_-_Weiss_Testing_3.pgn' — 3,476 samples in 0.85s
2025-05-02 23:44:25,755 INFO     START  parsing 'TCEC_Season_16_-_Frc_Cpu_League_2.pgn'
2025-05-02 23:44:26,854 INFO      DONE  'TCEC_Season_16_-_Frc_Cpu_League_2.pgn' — 5,600 samples in 1.10s
2025-05-02 23:44:26,854 INFO     START  parsing 'TCEC_Season_18_-_Stockfishnnue_Vs_Top4.pgn'
2025-05-02 23:44:28,046 INFO      DONE  'TCEC_Season_18_-_Stockfishnnue_Vs_Top4.pgn' — 5,871 samples in 1.19s
2025-05-02 23:44:28,046 INFO     START  parsing 'TCEC_Season_24_-_Calibration_Bonus.pgn'
2025-05-02 23:44:28,881 INFO      DONE  'TCEC_Season_14_-_End_of_Season_Bonus.pgn' — 40,084 samples in 10.20s
2025-05-02 23:44:28,881 INFO     START  parsing 'TCEC_Season_16_-_Viewer_Submitted_Openings_Bonus_11.pgn'
2025-05-02 23:44:30,368 INFO      DONE  'TCEC_Season_16_-_Viewer_Submitted_Openings_Bonus_11.pgn' — 7,064 samples in 1.49s
2025-05-02 23:44:30,368 INFO     START  parsing 'TCEC_Season_20_-_Sufi_Bonus_1.pgn'
2025-05-02 23:44:31,352 INFO      DONE  'TCEC_Season_24_-_Calibration_Bonus.pgn' — 14,012 samples in 3.31s
2025-05-02 23:44:31,352 INFO     START  parsing 'TCEC_Season_2_-_Division_D.pgn'
2025-05-02 23:44:32,467 INFO      DONE  'TCEC_Season_2_-_Division_D.pgn' — 4,839 samples in 1.11s
2025-05-02 23:44:32,468 INFO     START  parsing 'TCEC_Season_24_-_Frc6_League_B.pgn'
2025-05-02 23:44:33,198 INFO      DONE  'TCEC_Season_20_-_Sufi_Bonus_1.pgn' — 13,257 samples in 2.83s
2025-05-02 23:44:33,198 INFO     START  parsing 'TCEC_Season_23_-_1day_Pv_Playout_Etc_Bonus.pgn'
2025-05-02 23:44:33,233 INFO      DONE  'TCEC_Season_24_-_Frc6_League_B.pgn' — 3,514 samples in 0.77s
2025-05-02 23:44:33,234 INFO     START  parsing 'TCEC_Season_21_-_Scorpionn_Ethereal_Bonus.pgn'
2025-05-02 23:44:34,126 INFO      DONE  'TCEC_Season_23_-_1day_Pv_Playout_Etc_Bonus.pgn' — 2,576 samples in 0.93s
2025-05-02 23:44:34,126 INFO     START  parsing 'TCEC_Season_17_-_Viewer_Submitted_Openings_Bonus_15_Glaurung.pgn'
2025-05-02 23:44:34,568 INFO      DONE  'TCEC_Season_17_-_Viewer_Submitted_Openings_Bonus_15_Glaurung.pgn' — 2,335 samples in 0.44s
2025-05-02 23:44:34,568 INFO     START  parsing 'TCEC_Season_20_-_L2_L1_Half_Speed_Testing_4.pgn'
2025-05-02 23:44:34,750 INFO      DONE  'TCEC_Season_20_-_L2_L1_Half_Speed_Testing_4.pgn' — 841 samples in 0.18s
2025-05-02 23:44:34,750 INFO     START  parsing 'TCEC_Season_16_-_Lczerocpu_Vs_League_1_Bonus.pgn'
2025-05-02 23:44:35,061 INFO      DONE  'TCEC_Season_21_-_Scorpionn_Ethereal_Bonus.pgn' — 7,830 samples in 1.83s
2025-05-02 23:44:35,062 INFO     START  parsing 'TCEC_Season_16_-_Viewer_Submitted_Openings_Bonus_4.pgn'
2025-05-02 23:44:35,984 INFO      DONE  'TCEC_Season_16_-_Lczerocpu_Vs_League_1_Bonus.pgn' — 5,215 samples in 1.23s
2025-05-02 23:44:35,985 INFO     START  parsing 'TCEC_Season_27_-_Frd_3_Semileague_1.pgn'
2025-05-02 23:44:36,704 INFO      DONE  'TCEC_Season_16_-_Viewer_Submitted_Openings_Bonus_4.pgn' — 7,519 samples in 1.64s
2025-05-02 23:44:36,705 INFO     START  parsing 'TCEC_Season_21_-_Koivisto_Testing.pgn'
2025-05-02 23:44:36,978 INFO      DONE  'TCEC_Season_21_-_Koivisto_Testing.pgn' — 1,246 samples in 0.27s
2025-05-02 23:44:36,978 INFO     START  parsing 'TCEC_Season_6_-_Stage_1c.pgn'
2025-05-02 23:44:38,133 INFO      DONE  'TCEC_Season_27_-_Frd_3_Semileague_1.pgn' — 9,188 samples in 2.15s
2025-05-02 23:44:38,133 INFO     START  parsing 'TCEC_Cup_5_Bronze.pgn'
2025-05-02 23:44:38,569 INFO      DONE  'TCEC_Cup_5_Bronze.pgn' — 1,227 samples in 0.44s
2025-05-02 23:44:38,569 INFO     START  parsing 'lichess_elite_2019-08.pgn'
2025-05-02 23:44:38,656 INFO      DONE  'TCEC_Season_6_-_Stage_1c.pgn' — 8,120 samples in 1.68s
2025-05-02 23:44:38,656 INFO     START  parsing 'lichess_elite_2016-09.pgn'
2025-05-02 23:44:39,696 INFO      DONE  'TCEC_Season_27_-_Swiss_7.pgn' — 74,478 samples in 17.57s
2025-05-02 23:44:39,696 INFO     START  parsing 'TCEC_Season_20_-_Sufi_Testing_3.pgn'
2025-05-02 23:44:40,031 INFO      DONE  'TCEC_Season_20_-_Sufi_Testing_3.pgn' — 1,185 samples in 0.33s
2025-05-02 23:44:40,031 INFO     START  parsing 'TCEC_Season_19_-_Cup_7_Testing.pgn'
2025-05-02 23:44:40,498 INFO      DONE  'TCEC_Season_19_-_Cup_7_Testing.pgn' — 2,174 samples in 0.47s
2025-05-02 23:44:40,498 INFO     START  parsing 'TCEC_Season_25_-_Kibitzer_Bonus.pgn'
2025-05-02 23:44:42,722 INFO      DONE  'TCEC_Season_25_-_Kibitzer_Bonus.pgn' — 9,868 samples in 2.22s
2025-05-02 23:44:42,723 INFO     START  parsing 'lichess_elite_2014-08.pgn'
2025-05-02 23:44:44,894 INFO      DONE  'lichess_elite_2014-08.pgn' — 11,505 samples in 2.17s
2025-05-02 23:44:44,894 INFO     START  parsing 'TCEC_Season_27_-_Playoff_And_Swiss_7_Testing.pgn'
2025-05-02 23:44:49,953 INFO      DONE  'TCEC_Season_27_-_Playoff_And_Swiss_7_Testing.pgn' — 23,107 samples in 5.06s
2025-05-02 23:44:49,953 INFO     START  parsing 'TCEC_Season_2_-_Division_B.pgn'
2025-05-02 23:44:51,000 INFO      DONE  'TCEC_Season_2_-_Division_B.pgn' — 4,489 samples in 1.05s
2025-05-02 23:44:51,000 INFO     START  parsing 'TCEC_Season_26_-_4k_Iii.pgn'
2025-05-02 23:44:53,488 INFO      DONE  'TCEC_Season_26_-_4k_Iii.pgn' — 12,358 samples in 2.49s
2025-05-02 23:44:53,488 INFO     START  parsing 'TCEC_Season_20_-_Swiss_Test_3.pgn'
2025-05-02 23:45:08,103 INFO      DONE  'TCEC_Season_20_-_Swiss_Test_3.pgn' — 65,480 samples in 14.61s
2025-05-02 23:45:08,103 INFO     START  parsing 'TCEC_Match_3.pgn'
2025-05-02 23:45:09,201 INFO      DONE  'TCEC_Match_3.pgn' — 4,810 samples in 1.10s
2025-05-02 23:45:09,201 INFO     START  parsing 'TCEC_Season_14_-_Division_4.pgn'
2025-05-02 23:45:16,906 INFO      DONE  'TCEC_Season_14_-_Division_4.pgn' — 34,392 samples in 7.71s
2025-05-02 23:45:16,907 INFO     START  parsing 'TCEC_Season_21_-_Frc4_League_C.pgn'
2025-05-02 23:45:18,314 INFO      DONE  'TCEC_Season_21_-_Frc4_League_C.pgn' — 6,909 samples in 1.41s
2025-05-02 23:45:18,315 INFO     START  parsing 'TCEC_Season_27_-_El_L2_L1_Divp_Testing.pgn'
2025-05-02 23:45:27,259 INFO      DONE  'TCEC_Season_27_-_El_L2_L1_Divp_Testing.pgn' — 38,887 samples in 8.94s
2025-05-02 23:45:27,259 INFO     START  parsing 'TCEC_Season_11_-_Superfinal.pgn'
2025-05-02 23:45:30,676 INFO      DONE  'TCEC_Season_11_-_Superfinal.pgn' — 14,633 samples in 3.42s
2025-05-02 23:45:30,677 INFO     START  parsing 'lichess_elite_2020-02.pgn'
2025-05-02 23:51:06,786 INFO      DONE  'lichess_elite_2016-09.pgn' — 2,099,204 samples in 388.13s
2025-05-02 23:51:06,786 INFO     START  parsing 'TCEC_Season_23_-_League_1.pgn'
2025-05-02 23:51:17,299 INFO      DONE  'TCEC_Season_23_-_League_1.pgn' — 42,699 samples in 10.51s
2025-05-02 23:51:17,299 INFO     START  parsing 'TCEC_Testing_18_-_Gpu_Engine_Test1.pgn'
2025-05-02 23:51:20,057 INFO      DONE  'TCEC_Testing_18_-_Gpu_Engine_Test1.pgn' — 11,320 samples in 2.76s
2025-05-02 23:51:20,057 INFO     START  parsing 'TCEC_Season_7_-_Stage_3.pgn'
2025-05-02 23:51:24,146 INFO      DONE  'TCEC_Season_7_-_Stage_3.pgn' — 17,189 samples in 4.09s
2025-05-02 23:51:24,146 INFO     START  parsing 'TCEC_Season_23_-_Vvltc_Bonus.pgn'
2025-05-02 23:51:24,602 INFO      DONE  'TCEC_Season_23_-_Vvltc_Bonus.pgn' — 1,872 samples in 0.46s
2025-05-02 23:51:24,602 INFO     START  parsing 'TCEC_Season_17_-_Viewer_Submitted_Openings_Bonus_15_Glaurung_2.pgn'
2025-05-02 23:51:24,681 INFO      DONE  'TCEC_Season_17_-_Viewer_Submitted_Openings_Bonus_15_Glaurung_2.pgn' — 412 samples in 0.08s
2025-05-02 23:51:24,682 INFO     START  parsing 'TCEC_Cup_10_Bronze.pgn'
2025-05-02 23:51:25,040 INFO      DONE  'TCEC_Cup_10_Bronze.pgn' — 1,534 samples in 0.36s
2025-05-02 23:51:25,041 INFO     START  parsing 'TCEC_Season_20_-_Qualification_League.pgn'
2025-05-02 23:51:26,216 INFO      DONE  'TCEC_Season_20_-_Qualification_League.pgn' — 5,159 samples in 1.18s
2025-05-02 23:51:26,217 INFO     START  parsing 'TCEC_Season_22_-_Search_Vs_Eval_2.pgn'
2025-05-02 23:51:26,295 INFO      DONE  'TCEC_Season_22_-_Search_Vs_Eval_2.pgn' — 402 samples in 0.08s
2025-05-02 23:51:26,295 INFO     START  parsing 'TCEC_Season_15_-_Weak_Hardware_Simulation_1.pgn'
2025-05-02 23:51:26,432 INFO      DONE  'TCEC_Season_15_-_Weak_Hardware_Simulation_1.pgn' — 599 samples in 0.14s
2025-05-02 23:51:26,432 INFO     START  parsing 'TCEC_Season_23_-_Division_P.pgn'
2025-05-02 23:51:34,833 INFO      DONE  'TCEC_Season_23_-_Division_P.pgn' — 35,005 samples in 8.40s
2025-05-02 23:51:34,833 INFO     START  parsing 'TCEC_Season_16_-_Testing_Lczero_30pct_Vs_Divp.pgn'
2025-05-02 23:51:38,431 INFO      DONE  'TCEC_Season_16_-_Testing_Lczero_30pct_Vs_Divp.pgn' — 14,215 samples in 3.60s
2025-05-02 23:51:38,431 INFO     START  parsing 'TCEC_Season_15_-_Superfinal.pgn'
2025-05-02 23:51:42,992 INFO      DONE  'TCEC_Season_15_-_Superfinal.pgn' — 17,871 samples in 4.56s
2025-05-02 23:51:42,992 INFO     START  parsing 'TCEC_Season_19_-_Sufi_Bonus_2.pgn'
2025-05-02 23:51:45,767 INFO      DONE  'TCEC_Season_19_-_Sufi_Bonus_2.pgn' — 12,622 samples in 2.77s
2025-05-02 23:51:45,767 INFO     START  parsing 'TCEC_Season_18_-_Lczerocpu_Vs_Divp_Cpu.pgn'
2025-05-02 23:51:46,670 INFO      DONE  'TCEC_Season_18_-_Lczerocpu_Vs_Divp_Cpu.pgn' — 4,082 samples in 0.90s
2025-05-02 23:51:46,671 INFO     START  parsing 'TCEC_Season_19_-_Frc2_Final_League.pgn'
2025-05-02 23:51:47,876 INFO      DONE  'TCEC_Season_19_-_Frc2_Final_League.pgn' — 5,527 samples in 1.21s
2025-05-02 23:51:47,877 INFO     START  parsing 'TCEC_Season_7_-_Stage_1b.pgn'
2025-05-02 23:51:50,523 INFO      DONE  'TCEC_Season_7_-_Stage_1b.pgn' — 12,094 samples in 2.65s
2025-05-02 23:51:50,524 INFO     START  parsing 'lichess_elite_2019-03.pgn'
2025-05-02 23:54:37,108 INFO      DONE  'lichess_elite_2019-10.pgn' — 11,736,740 samples in 2174.60s
2025-05-02 23:54:37,108 INFO     START  parsing 'TCEC_Season_17_-_Stockfish_1pct_Vs_L2_Test_1.pgn'
2025-05-02 23:54:38,524 INFO      DONE  'TCEC_Season_17_-_Stockfish_1pct_Vs_L2_Test_1.pgn' — 5,936 samples in 1.42s
2025-05-02 23:54:38,524 INFO     START  parsing 'lichess_elite_2014-09.pgn'
2025-05-02 23:54:41,358 INFO      DONE  'lichess_elite_2014-09.pgn' — 15,587 samples in 2.83s
2025-05-02 23:54:41,358 INFO     START  parsing 'TCEC_Cup_10_Quarterfinal.pgn'
2025-05-02 23:54:42,132 INFO      DONE  'TCEC_Cup_10_Quarterfinal.pgn' — 3,628 samples in 0.77s
2025-05-02 23:54:42,133 INFO     START  parsing 'TCEC_Season_11_-_Division_3.pgn'
2025-05-02 23:54:45,629 INFO      DONE  'TCEC_Season_11_-_Division_3.pgn' — 15,594 samples in 3.50s
2025-05-02 23:54:45,629 INFO     START  parsing 'TCEC_Season_17_-_Testing_4_Ql_Minic.pgn'
2025-05-02 23:54:45,802 INFO      DONE  'TCEC_Season_17_-_Testing_4_Ql_Minic.pgn' — 806 samples in 0.17s
2025-05-02 23:54:45,803 INFO     START  parsing 'TCEC_Season_20_-_Legacy_Top_Bonus.pgn'
2025-05-02 23:54:49,320 INFO      DONE  'TCEC_Season_20_-_Legacy_Top_Bonus.pgn' — 15,866 samples in 3.52s
2025-05-02 23:54:49,320 INFO     START  parsing 'TCEC_Season_18_-_Weiss_Testing_2.pgn'
2025-05-02 23:54:49,326 INFO      DONE  'TCEC_Season_18_-_Weiss_Testing_2.pgn' — 37 samples in 0.01s
2025-05-02 23:54:49,326 INFO     START  parsing 'TCEC_Cup_12_Final.pgn'
2025-05-02 23:54:50,380 INFO      DONE  'TCEC_Cup_12_Final.pgn' — 4,616 samples in 1.05s
2025-05-02 23:54:50,380 INFO     START  parsing 'TCEC_Season_24_-_Frc6_League_C.pgn'
2025-05-02 23:54:51,110 INFO      DONE  'TCEC_Season_24_-_Frc6_League_C.pgn' — 3,521 samples in 0.73s
2025-05-02 23:54:51,111 INFO     START  parsing 'TCEC_Season_22_-_Frc5_Final.pgn'
2025-05-02 23:54:52,751 INFO      DONE  'TCEC_Season_22_-_Frc5_Final.pgn' — 7,426 samples in 1.64s
2025-05-02 23:54:52,751 INFO     START  parsing 'TCEC_Tournament_1.pgn'
2025-05-02 23:54:53,849 INFO      DONE  'TCEC_Tournament_1.pgn' — 4,631 samples in 1.10s
2025-05-02 23:54:53,850 INFO     START  parsing 'TCEC_Season_15_-_Division_4a_bonus_kibitz.pgn'
2025-05-02 23:54:56,557 INFO      DONE  'TCEC_Season_15_-_Division_4a_bonus_kibitz.pgn' — 11,349 samples in 2.71s
2025-05-02 23:54:56,557 INFO     START  parsing 'TCEC_Cup_10_Semifinal.pgn'
2025-05-02 23:54:57,226 INFO      DONE  'TCEC_Cup_10_Semifinal.pgn' — 2,886 samples in 0.67s
2025-05-02 23:54:57,226 INFO     START  parsing 'TCEC_Season_19_-_Sufi_Bonus_3.pgn'
2025-05-02 23:55:00,234 INFO      DONE  'TCEC_Season_19_-_Sufi_Bonus_3.pgn' — 13,499 samples in 3.01s
2025-05-02 23:55:00,235 INFO     START  parsing 'TCEC_Season_25_-_Frd_1_Semileague_1.pgn'
2025-05-02 23:55:01,959 INFO      DONE  'TCEC_Season_25_-_Frd_1_Semileague_1.pgn' — 7,821 samples in 1.72s
2025-05-02 23:55:01,959 INFO     START  parsing 'TCEC_Season_23_-_Stockfish_13_Ccrl_Calibration.pgn'
2025-05-02 23:55:04,280 INFO      DONE  'TCEC_Season_23_-_Stockfish_13_Ccrl_Calibration.pgn' — 9,969 samples in 2.32s
2025-05-02 23:55:04,280 INFO     START  parsing 'TCEC_Season_25_-_Variability_Experiment_Bonus.pgn'
2025-05-02 23:55:11,646 INFO      DONE  'TCEC_Season_25_-_Variability_Experiment_Bonus.pgn' — 31,289 samples in 7.37s
2025-05-02 23:55:11,646 INFO     START  parsing 'TCEC_Season_5_-_Superfinal.pgn'
2025-05-02 23:55:13,093 INFO      DONE  'TCEC_Season_5_-_Superfinal.pgn' — 6,622 samples in 1.45s
2025-05-02 23:55:13,093 INFO     START  parsing 'TCEC_Season_22_-_Qualification_League.pgn'
2025-05-02 23:55:18,723 INFO      DONE  'TCEC_Season_22_-_Qualification_League.pgn' — 25,402 samples in 5.63s
2025-05-02 23:55:18,724 INFO     START  parsing 'TCEC_Cup_5_Round16.pgn'
2025-05-02 23:55:19,889 INFO      DONE  'TCEC_Cup_5_Round16.pgn' — 5,373 samples in 1.17s
2025-05-02 23:55:19,889 INFO     START  parsing 'TCEC_Season_16_-_Viewer_Submitted_Openings_Bonus_2.pgn'
2025-05-02 23:55:21,596 INFO      DONE  'TCEC_Season_16_-_Viewer_Submitted_Openings_Bonus_2.pgn' — 7,378 samples in 1.71s
2025-05-02 23:55:21,596 INFO     START  parsing 'TCEC_Season_17_-_Stockfish_3pct_Vs_Cpu_L1_Test_4.pgn'
2025-05-02 23:55:22,673 INFO      DONE  'TCEC_Season_17_-_Stockfish_3pct_Vs_Cpu_L1_Test_4.pgn' — 4,850 samples in 1.08s
2025-05-02 23:55:22,673 INFO     START  parsing 'TCEC_Season_24_-_Division_P_Playoff.pgn'
2025-05-02 23:55:24,495 INFO      DONE  'TCEC_Season_24_-_Division_P_Playoff.pgn' — 7,418 samples in 1.82s
2025-05-02 23:55:24,496 INFO     START  parsing 'TCEC_Season_Bonus_-_Division_S16_LCZero_VS_Redfish_S15_Sufi_Decisive_Bonus.pgn'
2025-05-02 23:55:25,694 INFO      DONE  'TCEC_Season_Bonus_-_Division_S16_LCZero_VS_Redfish_S15_Sufi_Decisive_Bonus.pgn' — 4,603 samples in 1.20s
2025-05-02 23:55:25,695 INFO     START  parsing 'TCEC_Season_18_-_Top_of_The_Top_Bonus.pgn'
2025-05-02 23:55:27,679 INFO      DONE  'TCEC_Season_18_-_Top_of_The_Top_Bonus.pgn' — 9,260 samples in 1.98s
2025-05-02 23:55:27,680 INFO     START  parsing 'TCEC_Season_25_-_Frd_1_Final_League.pgn'
